[2022-06-09T06:45:07.237+0000][6][gc,init] CardTable entry size: 512
[2022-06-09T06:45:07.243+0000][6][gc     ] Using G1
[2022-06-09T06:45:07.531+0000][6][gc,init] Version: 18.0.1.1+2-6 (release)
[2022-06-09T06:45:07.531+0000][6][gc,init] CPUs: 1 total, 1 available
[2022-06-09T06:45:07.531+0000][6][gc,init] Memory: 1974M
[2022-06-09T06:45:07.531+0000][6][gc,init] Large Page Support: Disabled
[2022-06-09T06:45:07.531+0000][6][gc,init] NUMA Support: Disabled
[2022-06-09T06:45:07.531+0000][6][gc,init] Compressed Oops: Enabled (32-bit)
[2022-06-09T06:45:07.531+0000][6][gc,init] Heap Region Size: 4M
[2022-06-09T06:45:07.531+0000][6][gc,init] Heap Min Capacity: 256M
[2022-06-09T06:45:07.531+0000][6][gc,init] Heap Initial Capacity: 256M
[2022-06-09T06:45:07.531+0000][6][gc,init] Heap Max Capacity: 256M
[2022-06-09T06:45:07.531+0000][6][gc,init] Pre-touch: Enabled
[2022-06-09T06:45:07.531+0000][6][gc,init] Parallel Workers: 1
[2022-06-09T06:45:07.531+0000][6][gc,init] Concurrent Workers: 1
[2022-06-09T06:45:07.531+0000][6][gc,init] Concurrent Refinement Workers: 1
[2022-06-09T06:45:07.531+0000][6][gc,init] Periodic GC: Disabled
[2022-06-09T06:45:07.532+0000][6][gc,metaspace] CDS archive(s) mapped at: [0x0000000800000000-0x0000000800baf000-0x0000000800baf000), size 12251136, SharedBaseAddress: 0x0000000800000000, ArchiveRelocationMode: 0.
[2022-06-09T06:45:07.532+0000][6][gc,metaspace] Compressed class space mapped at: 0x0000000800c00000-0x0000000840c00000, reserved size: 1073741824
[2022-06-09T06:45:07.532+0000][6][gc,metaspace] Narrow klass base: 0x0000000800000000, Narrow klass shift: 0, Narrow klass range: 0x100000000
[2022-06-09T06:45:08.887+0000][6][gc,start    ] GC(0) Pause Young (Normal) (G1 Evacuation Pause)
[2022-06-09T06:45:08.887+0000][6][gc,task     ] GC(0) Using 1 workers of 1 for evacuation
[2022-06-09T06:45:08.887+0000][6][gc,age      ] GC(0) Desired survivor size 2097152 bytes, new threshold 15 (max threshold 15)
[2022-06-09T06:45:08.895+0000][6][gc,phases   ] GC(0)   Pre Evacuate Collection Set: 0.0ms
[2022-06-09T06:45:08.895+0000][6][gc,phases   ] GC(0)   Merge Heap Roots: 0.0ms
[2022-06-09T06:45:08.895+0000][6][gc,phases   ] GC(0)   Evacuate Collection Set: 7.7ms
[2022-06-09T06:45:08.895+0000][6][gc,phases   ] GC(0)   Post Evacuate Collection Set: 0.3ms
[2022-06-09T06:45:08.895+0000][6][gc,phases   ] GC(0)   Other: 0.1ms
[2022-06-09T06:45:08.895+0000][6][gc,age      ] GC(0) Age table with threshold 15 (max threshold 15)
[2022-06-09T06:45:08.895+0000][6][gc,age      ] GC(0) - age   1:    3154960 bytes,    3154960 total
[2022-06-09T06:45:08.895+0000][6][gc,heap     ] GC(0) Eden regions: 3->0(2)
[2022-06-09T06:45:08.895+0000][6][gc,heap     ] GC(0) Survivor regions: 0->1(1)
[2022-06-09T06:45:08.895+0000][6][gc,heap     ] GC(0) Old regions: 0->0
[2022-06-09T06:45:08.895+0000][6][gc,heap     ] GC(0) Archive regions: 2->2
[2022-06-09T06:45:08.895+0000][6][gc,heap     ] GC(0) Humongous regions: 0->0
[2022-06-09T06:45:08.895+0000][6][gc,metaspace] GC(0) Metaspace: 4757K(4864K)->4757K(4864K) NonClass: 4278K(4352K)->4278K(4352K) Class: 478K(512K)->478K(512K)
[2022-06-09T06:45:08.895+0000][6][gc          ] GC(0) Pause Young (Normal) (G1 Evacuation Pause) 15M->6M(256M) 8.377ms
[2022-06-09T06:45:08.895+0000][6][gc,cpu      ] GC(0) User=0.00s Sys=0.00s Real=0.01s
[2022-06-09T06:45:08.895+0000][6][safepoint   ] Safepoint "G1CollectForAllocation", Time since last: 1340159005 ns, Reaching safepoint: 107228 ns, At safepoint: 8420602 ns, Total: 8527830 ns
[2022-06-09T06:45:09.952+0000][6][safepoint   ] Safepoint "Cleanup", Time since last: 1056906434 ns, Reaching safepoint: 106762 ns, At safepoint: 3911 ns, Total: 110673 ns
[2022-06-09T06:45:10.146+0000][6][gc,start    ] GC(1) Pause Young (Normal) (G1 Evacuation Pause)
[2022-06-09T06:45:10.146+0000][6][gc,task     ] GC(1) Using 1 workers of 1 for evacuation
[2022-06-09T06:45:10.146+0000][6][gc,age      ] GC(1) Desired survivor size 2097152 bytes, new threshold 1 (max threshold 15)
[2022-06-09T06:45:10.164+0000][6][gc,phases   ] GC(1)   Pre Evacuate Collection Set: 0.0ms
[2022-06-09T06:45:10.164+0000][6][gc,phases   ] GC(1)   Merge Heap Roots: 0.0ms
[2022-06-09T06:45:10.164+0000][6][gc,phases   ] GC(1)   Evacuate Collection Set: 18.2ms
[2022-06-09T06:45:10.164+0000][6][gc,phases   ] GC(1)   Post Evacuate Collection Set: 0.3ms
[2022-06-09T06:45:10.164+0000][6][gc,phases   ] GC(1)   Other: 0.1ms
[2022-06-09T06:45:10.164+0000][6][gc,age      ] GC(1) Age table with threshold 1 (max threshold 15)
[2022-06-09T06:45:10.164+0000][6][gc,age      ] GC(1) - age   1:    1089224 bytes,    1089224 total
[2022-06-09T06:45:10.164+0000][6][gc,heap     ] GC(1) Eden regions: 2->0(2)
[2022-06-09T06:45:10.164+0000][6][gc,heap     ] GC(1) Survivor regions: 1->1(1)
[2022-06-09T06:45:10.164+0000][6][gc,heap     ] GC(1) Old regions: 0->1
[2022-06-09T06:45:10.164+0000][6][gc,heap     ] GC(1) Archive regions: 2->2
[2022-06-09T06:45:10.164+0000][6][gc,heap     ] GC(1) Humongous regions: 0->0
[2022-06-09T06:45:10.164+0000][6][gc,metaspace] GC(1) Metaspace: 8189K(8448K)->8189K(8448K) NonClass: 7296K(7424K)->7296K(7424K) Class: 892K(1024K)->892K(1024K)
[2022-06-09T06:45:10.164+0000][6][gc          ] GC(1) Pause Young (Normal) (G1 Evacuation Pause) 14M->8M(256M) 18.889ms
[2022-06-09T06:45:10.164+0000][6][gc,cpu      ] GC(1) User=0.01s Sys=0.00s Real=0.02s
[2022-06-09T06:45:10.164+0000][6][safepoint   ] Safepoint "G1CollectForAllocation", Time since last: 193285351 ns, Reaching safepoint: 30011 ns, At safepoint: 18930786 ns, Total: 18960797 ns
[2022-06-09T06:45:10.689+0000][6][gc,start    ] GC(2) Pause Young (Normal) (G1 Evacuation Pause)
[2022-06-09T06:45:10.689+0000][6][gc,task     ] GC(2) Using 1 workers of 1 for evacuation
[2022-06-09T06:45:10.689+0000][6][gc,age      ] GC(2) Desired survivor size 2097152 bytes, new threshold 15 (max threshold 15)
[2022-06-09T06:45:10.699+0000][6][gc,phases   ] GC(2)   Pre Evacuate Collection Set: 1.7ms
[2022-06-09T06:45:10.699+0000][6][gc,phases   ] GC(2)   Merge Heap Roots: 0.0ms
[2022-06-09T06:45:10.699+0000][6][gc,phases   ] GC(2)   Evacuate Collection Set: 8.0ms
[2022-06-09T06:45:10.699+0000][6][gc,phases   ] GC(2)   Post Evacuate Collection Set: 0.3ms
[2022-06-09T06:45:10.699+0000][6][gc,phases   ] GC(2)   Other: 0.1ms
[2022-06-09T06:45:10.699+0000][6][gc,age      ] GC(2) Age table with threshold 15 (max threshold 15)
[2022-06-09T06:45:10.699+0000][6][gc,age      ] GC(2) - age   1:     520832 bytes,     520832 total
[2022-06-09T06:45:10.699+0000][6][gc,age      ] GC(2) - age   2:    1055056 bytes,    1575888 total
[2022-06-09T06:45:10.699+0000][6][gc,heap     ] GC(2) Eden regions: 2->0(2)
[2022-06-09T06:45:10.699+0000][6][gc,heap     ] GC(2) Survivor regions: 1->1(1)
[2022-06-09T06:45:10.699+0000][6][gc,heap     ] GC(2) Old regions: 1->1
[2022-06-09T06:45:10.699+0000][6][gc,heap     ] GC(2) Archive regions: 2->2
[2022-06-09T06:45:10.699+0000][6][gc,heap     ] GC(2) Humongous regions: 0->0
[2022-06-09T06:45:10.699+0000][6][gc,metaspace] GC(2) Metaspace: 9813K(10112K)->9813K(10112K) NonClass: 8659K(8832K)->8659K(8832K) Class: 1154K(1280K)->1154K(1280K)
[2022-06-09T06:45:10.699+0000][6][gc          ] GC(2) Pause Young (Normal) (G1 Evacuation Pause) 16M->8M(256M) 10.315ms
[2022-06-09T06:45:10.699+0000][6][gc,cpu      ] GC(2) User=0.00s Sys=0.00s Real=0.01s
[2022-06-09T06:45:10.699+0000][6][safepoint   ] Safepoint "G1CollectForAllocation", Time since last: 524242226 ns, Reaching safepoint: 42457 ns, At safepoint: 10359830 ns, Total: 10402287 ns
[2022-06-09T06:45:11.530+0000][6][gc,start    ] GC(3) Pause Young (Normal) (G1 Evacuation Pause)
[2022-06-09T06:45:11.530+0000][6][gc,task     ] GC(3) Using 1 workers of 1 for evacuation
[2022-06-09T06:45:11.530+0000][6][gc,age      ] GC(3) Desired survivor size 2097152 bytes, new threshold 15 (max threshold 15)
[2022-06-09T06:45:11.544+0000][6][gc,phases   ] GC(3)   Pre Evacuate Collection Set: 0.0ms
[2022-06-09T06:45:11.544+0000][6][gc,phases   ] GC(3)   Merge Heap Roots: 0.0ms
[2022-06-09T06:45:11.544+0000][6][gc,phases   ] GC(3)   Evacuate Collection Set: 13.4ms
[2022-06-09T06:45:11.544+0000][6][gc,phases   ] GC(3)   Post Evacuate Collection Set: 0.3ms
[2022-06-09T06:45:11.544+0000][6][gc,phases   ] GC(3)   Other: 0.1ms
[2022-06-09T06:45:11.544+0000][6][gc,age      ] GC(3) Age table with threshold 15 (max threshold 15)
[2022-06-09T06:45:11.544+0000][6][gc,age      ] GC(3) - age   1:    1085688 bytes,    1085688 total
[2022-06-09T06:45:11.544+0000][6][gc,age      ] GC(3) - age   2:     501648 bytes,    1587336 total
[2022-06-09T06:45:11.544+0000][6][gc,age      ] GC(3) - age   3:    1053848 bytes,    2641184 total
[2022-06-09T06:45:11.544+0000][6][gc,heap     ] GC(3) Eden regions: 2->0(3)
[2022-06-09T06:45:11.544+0000][6][gc,heap     ] GC(3) Survivor regions: 1->1(1)
[2022-06-09T06:45:11.544+0000][6][gc,heap     ] GC(3) Old regions: 1->1
[2022-06-09T06:45:11.544+0000][6][gc,heap     ] GC(3) Archive regions: 2->2
[2022-06-09T06:45:11.544+0000][6][gc,heap     ] GC(3) Humongous regions: 0->0
[2022-06-09T06:45:11.544+0000][6][gc,metaspace] GC(3) Metaspace: 11346K(11648K)->11346K(11648K) NonClass: 9994K(10176K)->9994K(10176K) Class: 1352K(1472K)->1352K(1472K)
[2022-06-09T06:45:11.544+0000][6][gc          ] GC(3) Pause Young (Normal) (G1 Evacuation Pause) 16M->9M(256M) 14.089ms
[2022-06-09T06:45:11.544+0000][6][gc,cpu      ] GC(3) User=0.01s Sys=0.00s Real=0.01s
[2022-06-09T06:45:11.544+0000][6][safepoint   ] Safepoint "G1CollectForAllocation", Time since last: 830998859 ns, Reaching safepoint: 74551 ns, At safepoint: 14141028 ns, Total: 14215579 ns
[2022-06-09T06:45:12.477+0000][6][gc,start    ] GC(4) Pause Young (Normal) (G1 Evacuation Pause)
[2022-06-09T06:45:12.477+0000][6][gc,task     ] GC(4) Using 1 workers of 1 for evacuation
[2022-06-09T06:45:12.477+0000][6][gc,age      ] GC(4) Desired survivor size 2097152 bytes, new threshold 3 (max threshold 15)
[2022-06-09T06:45:12.494+0000][6][gc,phases   ] GC(4)   Pre Evacuate Collection Set: 0.0ms
[2022-06-09T06:45:12.494+0000][6][gc,phases   ] GC(4)   Merge Heap Roots: 0.0ms
[2022-06-09T06:45:12.494+0000][6][gc,phases   ] GC(4)   Evacuate Collection Set: 16.6ms
[2022-06-09T06:45:12.494+0000][6][gc,phases   ] GC(4)   Post Evacuate Collection Set: 0.4ms
[2022-06-09T06:45:12.494+0000][6][gc,phases   ] GC(4)   Other: 0.1ms
[2022-06-09T06:45:12.494+0000][6][gc,age      ] GC(4) Age table with threshold 3 (max threshold 15)
[2022-06-09T06:45:12.494+0000][6][gc,age      ] GC(4) - age   1:    1621160 bytes,    1621160 total
[2022-06-09T06:45:12.494+0000][6][gc,age      ] GC(4) - age   2:    1007792 bytes,    2628952 total
[2022-06-09T06:45:12.494+0000][6][gc,age      ] GC(4) - age   3:     487288 bytes,    3116240 total
[2022-06-09T06:45:12.494+0000][6][gc,heap     ] GC(4) Eden regions: 3->0(4)
[2022-06-09T06:45:12.494+0000][6][gc,heap     ] GC(4) Survivor regions: 1->1(1)
[2022-06-09T06:45:12.494+0000][6][gc,heap     ] GC(4) Old regions: 1->1
[2022-06-09T06:45:12.494+0000][6][gc,heap     ] GC(4) Archive regions: 2->2
[2022-06-09T06:45:12.494+0000][6][gc,heap     ] GC(4) Humongous regions: 0->0
[2022-06-09T06:45:12.494+0000][6][gc,metaspace] GC(4) Metaspace: 13339K(13632K)->13339K(13632K) NonClass: 11772K(11904K)->11772K(11904K) Class: 1566K(1728K)->1566K(1728K)
[2022-06-09T06:45:12.494+0000][6][gc          ] GC(4) Pause Young (Normal) (G1 Evacuation Pause) 21M->11M(256M) 17.303ms
[2022-06-09T06:45:12.494+0000][6][gc,cpu      ] GC(4) User=0.01s Sys=0.00s Real=0.01s
[2022-06-09T06:45:12.494+0000][6][safepoint   ] Safepoint "G1CollectForAllocation", Time since last: 932615460 ns, Reaching safepoint: 106141 ns, At safepoint: 17352224 ns, Total: 17458365 ns
[2022-06-09T06:45:13.495+0000][6][safepoint   ] Safepoint "Cleanup", Time since last: 1000096592 ns, Reaching safepoint: 146545 ns, At safepoint: 6006 ns, Total: 152551 ns
[2022-06-09T06:45:13.611+0000][6][gc,start    ] GC(5) Pause Young (Normal) (G1 Evacuation Pause)
[2022-06-09T06:45:13.611+0000][6][gc,task     ] GC(5) Using 1 workers of 1 for evacuation
[2022-06-09T06:45:13.611+0000][6][gc,age      ] GC(5) Desired survivor size 2097152 bytes, new threshold 2 (max threshold 15)
[2022-06-09T06:45:13.635+0000][6][gc,phases   ] GC(5)   Pre Evacuate Collection Set: 0.0ms
[2022-06-09T06:45:13.635+0000][6][gc,phases   ] GC(5)   Merge Heap Roots: 0.0ms
[2022-06-09T06:45:13.635+0000][6][gc,phases   ] GC(5)   Evacuate Collection Set: 10.1ms
[2022-06-09T06:45:13.635+0000][6][gc,phases   ] GC(5)   Post Evacuate Collection Set: 14.0ms
[2022-06-09T06:45:13.635+0000][6][gc,phases   ] GC(5)   Other: 0.1ms
[2022-06-09T06:45:13.635+0000][6][gc,age      ] GC(5) Age table with threshold 2 (max threshold 15)
[2022-06-09T06:45:13.635+0000][6][gc,age      ] GC(5) - age   1:     515712 bytes,     515712 total
[2022-06-09T06:45:13.635+0000][6][gc,age      ] GC(5) - age   2:     995704 bytes,    1511416 total
[2022-06-09T06:45:13.635+0000][6][gc,heap     ] GC(5) Eden regions: 4->0(37)
[2022-06-09T06:45:13.635+0000][6][gc,heap     ] GC(5) Survivor regions: 1->1(1)
[2022-06-09T06:45:13.635+0000][6][gc,heap     ] GC(5) Old regions: 1->2
[2022-06-09T06:45:13.635+0000][6][gc,heap     ] GC(5) Archive regions: 2->2
[2022-06-09T06:45:13.635+0000][6][gc,heap     ] GC(5) Humongous regions: 0->0
[2022-06-09T06:45:13.635+0000][6][gc,metaspace] GC(5) Metaspace: 14891K(15232K)->14891K(15232K) NonClass: 13179K(13376K)->13179K(13376K) Class: 1712K(1856K)->1712K(1856K)
[2022-06-09T06:45:13.635+0000][6][gc          ] GC(5) Pause Young (Normal) (G1 Evacuation Pause) 27M->11M(256M) 24.408ms
[2022-06-09T06:45:13.635+0000][6][gc,cpu      ] GC(5) User=0.02s Sys=0.00s Real=0.03s
[2022-06-09T06:45:13.635+0000][6][safepoint   ] Safepoint "G1CollectForAllocation", Time since last: 115881490 ns, Reaching safepoint: 24244 ns, At safepoint: 24452231 ns, Total: 24476475 ns
[2022-06-09T06:45:14.638+0000][6][safepoint   ] Safepoint "Cleanup", Time since last: 1000097008 ns, Reaching safepoint: 3359062 ns, At safepoint: 7039 ns, Total: 3366101 ns
[2022-06-09T06:45:15.763+0000][6][safepoint   ] Safepoint "Cleanup", Time since last: 1124052867 ns, Reaching safepoint: 182922 ns, At safepoint: 5533 ns, Total: 188455 ns
[2022-06-09T06:45:16.965+0000][6][gc,start    ] GC(6) Pause Young (Normal) (G1 Evacuation Pause)
[2022-06-09T06:45:16.965+0000][6][gc,task     ] GC(6) Using 1 workers of 1 for evacuation
[2022-06-09T06:45:16.965+0000][6][gc,age      ] GC(6) Desired survivor size 10485760 bytes, new threshold 15 (max threshold 15)
[2022-06-09T06:45:16.994+0000][6][gc,phases   ] GC(6)   Pre Evacuate Collection Set: 0.0ms
[2022-06-09T06:45:16.994+0000][6][gc,phases   ] GC(6)   Merge Heap Roots: 1.8ms
[2022-06-09T06:45:16.994+0000][6][gc,phases   ] GC(6)   Evacuate Collection Set: 26.5ms
[2022-06-09T06:45:16.994+0000][6][gc,phases   ] GC(6)   Post Evacuate Collection Set: 0.5ms
[2022-06-09T06:45:16.994+0000][6][gc,phases   ] GC(6)   Other: 0.1ms
[2022-06-09T06:45:16.994+0000][6][gc,age      ] GC(6) Age table with threshold 15 (max threshold 15)
[2022-06-09T06:45:16.994+0000][6][gc,age      ] GC(6) - age   1:    3916104 bytes,    3916104 total
[2022-06-09T06:45:16.994+0000][6][gc,age      ] GC(6) - age   2:     476664 bytes,    4392768 total
[2022-06-09T06:45:16.994+0000][6][gc,age      ] GC(6) - age   3:     995224 bytes,    5387992 total
[2022-06-09T06:45:16.994+0000][6][gc,heap     ] GC(6) Eden regions: 37->0(36)
[2022-06-09T06:45:16.994+0000][6][gc,heap     ] GC(6) Survivor regions: 1->2(5)
[2022-06-09T06:45:16.994+0000][6][gc,heap     ] GC(6) Old regions: 2->2
[2022-06-09T06:45:16.994+0000][6][gc,heap     ] GC(6) Archive regions: 2->2
[2022-06-09T06:45:16.994+0000][6][gc,heap     ] GC(6) Humongous regions: 0->0
[2022-06-09T06:45:16.994+0000][6][gc,metaspace] GC(6) Metaspace: 17997K(18304K)->17997K(18304K) NonClass: 15904K(16064K)->15904K(16064K) Class: 2092K(2240K)->2092K(2240K)
[2022-06-09T06:45:16.994+0000][6][gc          ] GC(6) Pause Young (Normal) (G1 Evacuation Pause) 159M->14M(256M) 29.144ms
[2022-06-09T06:45:16.994+0000][6][gc,cpu      ] GC(6) User=0.02s Sys=0.00s Real=0.03s
[2022-06-09T06:45:16.994+0000][6][safepoint   ] Safepoint "G1CollectForAllocation", Time since last: 1201828428 ns, Reaching safepoint: 68237 ns, At safepoint: 29190373 ns, Total: 29258610 ns
[2022-06-09T06:45:17.999+0000][6][safepoint   ] Safepoint "Cleanup", Time since last: 1004735591 ns, Reaching safepoint: 165256 ns, At safepoint: 4894 ns, Total: 170150 ns
[2022-06-09T06:45:18.123+0000][6][gc,start    ] GC(7) Pause Young (Normal) (G1 Evacuation Pause)
[2022-06-09T06:45:18.123+0000][6][gc,task     ] GC(7) Using 1 workers of 1 for evacuation
[2022-06-09T06:45:18.123+0000][6][gc,age      ] GC(7) Desired survivor size 10485760 bytes, new threshold 15 (max threshold 15)
[2022-06-09T06:45:18.153+0000][6][gc,phases   ] GC(7)   Pre Evacuate Collection Set: 0.0ms
[2022-06-09T06:45:18.153+0000][6][gc,phases   ] GC(7)   Merge Heap Roots: 0.0ms
[2022-06-09T06:45:18.153+0000][6][gc,phases   ] GC(7)   Evacuate Collection Set: 29.8ms
[2022-06-09T06:45:18.153+0000][6][gc,phases   ] GC(7)   Post Evacuate Collection Set: 0.6ms
[2022-06-09T06:45:18.153+0000][6][gc,phases   ] GC(7)   Other: 0.1ms
[2022-06-09T06:45:18.153+0000][6][gc,age      ] GC(7) Age table with threshold 15 (max threshold 15)
[2022-06-09T06:45:18.153+0000][6][gc,age      ] GC(7) - age   1:    1390016 bytes,    1390016 total
[2022-06-09T06:45:18.153+0000][6][gc,age      ] GC(7) - age   2:    3888792 bytes,    5278808 total
[2022-06-09T06:45:18.153+0000][6][gc,age      ] GC(7) - age   3:     476560 bytes,    5755368 total
[2022-06-09T06:45:18.153+0000][6][gc,age      ] GC(7) - age   4:     995224 bytes,    6750592 total
[2022-06-09T06:45:18.153+0000][6][gc,heap     ] GC(7) Eden regions: 36->0(36)
[2022-06-09T06:45:18.153+0000][6][gc,heap     ] GC(7) Survivor regions: 2->2(5)
[2022-06-09T06:45:18.153+0000][6][gc,heap     ] GC(7) Old regions: 2->2
[2022-06-09T06:45:18.153+0000][6][gc,heap     ] GC(7) Archive regions: 2->2
[2022-06-09T06:45:18.153+0000][6][gc,heap     ] GC(7) Humongous regions: 0->0
[2022-06-09T06:45:18.153+0000][6][gc,metaspace] GC(7) Metaspace: 18496K(18880K)->18496K(18880K) NonClass: 16318K(16512K)->16318K(16512K) Class: 2178K(2368K)->2178K(2368K)
[2022-06-09T06:45:18.153+0000][6][gc          ] GC(7) Pause Young (Normal) (G1 Evacuation Pause) 158M->16M(256M) 30.742ms
[2022-06-09T06:45:18.153+0000][6][gc,cpu      ] GC(7) User=0.01s Sys=0.00s Real=0.03s
[2022-06-09T06:45:18.153+0000][6][safepoint   ] Safepoint "G1CollectForAllocation", Time since last: 123823496 ns, Reaching safepoint: 22798 ns, At safepoint: 30800443 ns, Total: 30823241 ns
[2022-06-09T06:45:19.159+0000][6][safepoint   ] Safepoint "Cleanup", Time since last: 1000098664 ns, Reaching safepoint: 5085124 ns, At safepoint: 6534 ns, Total: 5091658 ns
[2022-06-09T06:45:19.191+0000][6][gc,start    ] GC(8) Pause Young (Normal) (G1 Evacuation Pause)
[2022-06-09T06:45:19.191+0000][6][gc,task     ] GC(8) Using 1 workers of 1 for evacuation
[2022-06-09T06:45:19.191+0000][6][gc,age      ] GC(8) Desired survivor size 10485760 bytes, new threshold 15 (max threshold 15)
[2022-06-09T06:45:19.239+0000][6][gc,phases   ] GC(8)   Pre Evacuate Collection Set: 0.0ms
[2022-06-09T06:45:19.239+0000][6][gc,phases   ] GC(8)   Merge Heap Roots: 0.0ms
[2022-06-09T06:45:19.239+0000][6][gc,phases   ] GC(8)   Evacuate Collection Set: 41.3ms
[2022-06-09T06:45:19.239+0000][6][gc,phases   ] GC(8)   Post Evacuate Collection Set: 6.5ms
[2022-06-09T06:45:19.239+0000][6][gc,phases   ] GC(8)   Other: 0.1ms
[2022-06-09T06:45:19.239+0000][6][gc,age      ] GC(8) Age table with threshold 15 (max threshold 15)
[2022-06-09T06:45:19.239+0000][6][gc,age      ] GC(8) - age   1:    4478744 bytes,    4478744 total
[2022-06-09T06:45:19.239+0000][6][gc,age      ] GC(8) - age   2:     983960 bytes,    5462704 total
[2022-06-09T06:45:19.239+0000][6][gc,age      ] GC(8) - age   3:    3888184 bytes,    9350888 total
[2022-06-09T06:45:19.239+0000][6][gc,age      ] GC(8) - age   4:     476560 bytes,    9827448 total
[2022-06-09T06:45:19.239+0000][6][gc,age      ] GC(8) - age   5:     995224 bytes,   10822672 total
[2022-06-09T06:45:19.239+0000][6][gc,heap     ] GC(8) Eden regions: 36->0(35)
[2022-06-09T06:45:19.239+0000][6][gc,heap     ] GC(8) Survivor regions: 2->3(5)
[2022-06-09T06:45:19.239+0000][6][gc,heap     ] GC(8) Old regions: 2->2
[2022-06-09T06:45:19.239+0000][6][gc,heap     ] GC(8) Archive regions: 2->2
[2022-06-09T06:45:19.239+0000][6][gc,heap     ] GC(8) Humongous regions: 0->0
[2022-06-09T06:45:19.239+0000][6][gc,metaspace] GC(8) Metaspace: 18939K(19392K)->18939K(19392K) NonClass: 16720K(16960K)->16720K(16960K) Class: 2218K(2432K)->2218K(2432K)
[2022-06-09T06:45:19.239+0000][6][gc          ] GC(8) Pause Young (Normal) (G1 Evacuation Pause) 160M->20M(256M) 48.201ms
[2022-06-09T06:45:19.239+0000][6][gc,cpu      ] GC(8) User=0.03s Sys=0.00s Real=0.05s
[2022-06-09T06:45:19.239+0000][6][safepoint   ] Safepoint "G1CollectForAllocation", Time since last: 31979135 ns, Reaching safepoint: 20228 ns, At safepoint: 48246733 ns, Total: 48266961 ns
[2022-06-09T06:45:20.242+0000][6][safepoint   ] Safepoint "Cleanup", Time since last: 1000098620 ns, Reaching safepoint: 3232018 ns, At safepoint: 5662 ns, Total: 3237680 ns
[2022-06-09T06:45:20.337+0000][6][gc,start    ] GC(9) Pause Young (Normal) (G1 Evacuation Pause)
[2022-06-09T06:45:20.337+0000][6][gc,task     ] GC(9) Using 1 workers of 1 for evacuation
[2022-06-09T06:45:20.337+0000][6][gc,age      ] GC(9) Desired survivor size 10485760 bytes, new threshold 5 (max threshold 15)
[2022-06-09T06:45:20.363+0000][6][gc,phases   ] GC(9)   Pre Evacuate Collection Set: 0.0ms
[2022-06-09T06:45:20.363+0000][6][gc,phases   ] GC(9)   Merge Heap Roots: 1.7ms
[2022-06-09T06:45:20.363+0000][6][gc,phases   ] GC(9)   Evacuate Collection Set: 24.0ms
[2022-06-09T06:45:20.363+0000][6][gc,phases   ] GC(9)   Post Evacuate Collection Set: 0.6ms
[2022-06-09T06:45:20.363+0000][6][gc,phases   ] GC(9)   Other: 0.1ms
[2022-06-09T06:45:20.363+0000][6][gc,age      ] GC(9) Age table with threshold 5 (max threshold 15)
[2022-06-09T06:45:20.363+0000][6][gc,age      ] GC(9) - age   1:    1054624 bytes,    1054624 total
[2022-06-09T06:45:20.363+0000][6][gc,age      ] GC(9) - age   2:    2463936 bytes,    3518560 total
[2022-06-09T06:45:20.363+0000][6][gc,age      ] GC(9) - age   3:     983816 bytes,    4502376 total
[2022-06-09T06:45:20.363+0000][6][gc,age      ] GC(9) - age   4:    3888136 bytes,    8390512 total
[2022-06-09T06:45:20.363+0000][6][gc,age      ] GC(9) - age   5:     476560 bytes,    8867072 total
[2022-06-09T06:45:20.363+0000][6][gc,heap     ] GC(9) Eden regions: 35->0(35)
[2022-06-09T06:45:20.363+0000][6][gc,heap     ] GC(9) Survivor regions: 3->3(5)
[2022-06-09T06:45:20.363+0000][6][gc,heap     ] GC(9) Old regions: 2->2
[2022-06-09T06:45:20.363+0000][6][gc,heap     ] GC(9) Archive regions: 2->2
[2022-06-09T06:45:20.363+0000][6][gc,heap     ] GC(9) Humongous regions: 0->0
[2022-06-09T06:45:20.363+0000][6][gc,metaspace] GC(9) Metaspace: 19545K(20032K)->19545K(20032K) NonClass: 17249K(17536K)->17249K(17536K) Class: 2296K(2496K)->2296K(2496K)
[2022-06-09T06:45:20.363+0000][6][gc          ] GC(9) Pause Young (Normal) (G1 Evacuation Pause) 160M->20M(256M) 26.557ms
[2022-06-09T06:45:20.363+0000][6][gc,cpu      ] GC(9) User=0.01s Sys=0.00s Real=0.02s
[2022-06-09T06:45:20.363+0000][6][safepoint   ] Safepoint "G1CollectForAllocation", Time since last: 94609918 ns, Reaching safepoint: 19213 ns, At safepoint: 26601505 ns, Total: 26620718 ns
[2022-06-09T06:45:21.279+0000][6][gc,start    ] GC(10) Pause Young (Normal) (G1 Evacuation Pause)
[2022-06-09T06:45:21.279+0000][6][gc,task     ] GC(10) Using 1 workers of 1 for evacuation
[2022-06-09T06:45:21.279+0000][6][gc,age      ] GC(10) Desired survivor size 10485760 bytes, new threshold 15 (max threshold 15)
[2022-06-09T06:45:21.297+0000][6][gc,phases   ] GC(10)   Pre Evacuate Collection Set: 0.0ms
[2022-06-09T06:45:21.297+0000][6][gc,phases   ] GC(10)   Merge Heap Roots: 0.0ms
[2022-06-09T06:45:21.297+0000][6][gc,phases   ] GC(10)   Evacuate Collection Set: 17.9ms
[2022-06-09T06:45:21.297+0000][6][gc,phases   ] GC(10)   Post Evacuate Collection Set: 0.6ms
[2022-06-09T06:45:21.297+0000][6][gc,phases   ] GC(10)   Other: 0.1ms
[2022-06-09T06:45:21.297+0000][6][gc,age      ] GC(10) Age table with threshold 15 (max threshold 15)
[2022-06-09T06:45:21.297+0000][6][gc,age      ] GC(10) - age   1:    1316320 bytes,    1316320 total
[2022-06-09T06:45:21.297+0000][6][gc,age      ] GC(10) - age   2:    1049360 bytes,    2365680 total
[2022-06-09T06:45:21.297+0000][6][gc,age      ] GC(10) - age   3:    2463936 bytes,    4829616 total
[2022-06-09T06:45:21.297+0000][6][gc,age      ] GC(10) - age   4:     982936 bytes,    5812552 total
[2022-06-09T06:45:21.297+0000][6][gc,age      ] GC(10) - age   5:    3887656 bytes,    9700208 total
[2022-06-09T06:45:21.297+0000][6][gc,age      ] GC(10) - age   6:     476496 bytes,   10176704 total
[2022-06-09T06:45:21.297+0000][6][gc,heap     ] GC(10) Eden regions: 35->0(35)
[2022-06-09T06:45:21.297+0000][6][gc,heap     ] GC(10) Survivor regions: 3->3(5)
[2022-06-09T06:45:21.297+0000][6][gc,heap     ] GC(10) Old regions: 2->2
[2022-06-09T06:45:21.297+0000][6][gc,heap     ] GC(10) Archive regions: 2->2
[2022-06-09T06:45:21.297+0000][6][gc,heap     ] GC(10) Humongous regions: 0->0
[2022-06-09T06:45:21.297+0000][6][gc,metaspace] GC(10) Metaspace: 19882K(20416K)->19882K(20416K) NonClass: 17532K(17856K)->17532K(17856K) Class: 2349K(2560K)->2349K(2560K)
[2022-06-09T06:45:21.297+0000][6][gc          ] GC(10) Pause Young (Normal) (G1 Evacuation Pause) 160M->21M(256M) 18.839ms
[2022-06-09T06:45:21.297+0000][6][gc,cpu      ] GC(10) User=0.01s Sys=0.00s Real=0.02s
[2022-06-09T06:45:21.297+0000][6][safepoint   ] Safepoint "G1CollectForAllocation", Time since last: 915167552 ns, Reaching safepoint: 35471 ns, At safepoint: 18890392 ns, Total: 18925863 ns
[2022-06-09T06:45:22.427+0000][6][gc,start    ] GC(11) Pause Young (Normal) (G1 Evacuation Pause)
[2022-06-09T06:45:22.427+0000][6][gc,task     ] GC(11) Using 1 workers of 1 for evacuation
[2022-06-09T06:45:22.427+0000][6][gc,age      ] GC(11) Desired survivor size 10485760 bytes, new threshold 15 (max threshold 15)
[2022-06-09T06:45:22.456+0000][6][gc,phases   ] GC(11)   Pre Evacuate Collection Set: 0.0ms
[2022-06-09T06:45:22.456+0000][6][gc,phases   ] GC(11)   Merge Heap Roots: 0.0ms
[2022-06-09T06:45:22.456+0000][6][gc,phases   ] GC(11)   Evacuate Collection Set: 28.4ms
[2022-06-09T06:45:22.456+0000][6][gc,phases   ] GC(11)   Post Evacuate Collection Set: 0.6ms
[2022-06-09T06:45:22.456+0000][6][gc,phases   ] GC(11)   Other: 0.1ms
[2022-06-09T06:45:22.456+0000][6][gc,age      ] GC(11) Age table with threshold 15 (max threshold 15)
[2022-06-09T06:45:22.456+0000][6][gc,age      ] GC(11) - age   1:    3280536 bytes,    3280536 total
[2022-06-09T06:45:22.456+0000][6][gc,age      ] GC(11) - age   2:     279200 bytes,    3559736 total
[2022-06-09T06:45:22.456+0000][6][gc,age      ] GC(11) - age   3:    1049328 bytes,    4609064 total
[2022-06-09T06:45:22.456+0000][6][gc,age      ] GC(11) - age   4:    2462864 bytes,    7071928 total
[2022-06-09T06:45:22.456+0000][6][gc,age      ] GC(11) - age   5:     980080 bytes,    8052008 total
[2022-06-09T06:45:22.456+0000][6][gc,age      ] GC(11) - age   6:    3886440 bytes,   11938448 total
[2022-06-09T06:45:22.456+0000][6][gc,age      ] GC(11) - age   7:     475848 bytes,   12414296 total
[2022-06-09T06:45:22.456+0000][6][gc,heap     ] GC(11) Eden regions: 35->0(35)
[2022-06-09T06:45:22.456+0000][6][gc,heap     ] GC(11) Survivor regions: 3->3(5)
[2022-06-09T06:45:22.456+0000][6][gc,heap     ] GC(11) Old regions: 2->2
[2022-06-09T06:45:22.456+0000][6][gc,heap     ] GC(11) Archive regions: 2->2
[2022-06-09T06:45:22.456+0000][6][gc,heap     ] GC(11) Humongous regions: 0->0
[2022-06-09T06:45:22.456+0000][6][gc,metaspace] GC(11) Metaspace: 20771K(21312K)->20771K(21312K) NonClass: 18310K(18624K)->18310K(18624K) Class: 2461K(2688K)->2461K(2688K)
[2022-06-09T06:45:22.456+0000][6][gc          ] GC(11) Pause Young (Normal) (G1 Evacuation Pause) 161M->22M(256M) 29.481ms
[2022-06-09T06:45:22.456+0000][6][gc,cpu      ] GC(11) User=0.01s Sys=0.00s Real=0.03s
[2022-06-09T06:45:22.456+0000][6][safepoint   ] Safepoint "G1CollectForAllocation", Time since last: 1129081684 ns, Reaching safepoint: 97411 ns, At safepoint: 29528125 ns, Total: 29625536 ns
[2022-06-09T06:45:23.076+0000][6][gc,start    ] GC(12) Pause Young (Concurrent Start) (Metadata GC Threshold)
[2022-06-09T06:45:23.076+0000][6][gc,task     ] GC(12) Using 1 workers of 1 for evacuation
[2022-06-09T06:45:23.076+0000][6][gc,age      ] GC(12) Desired survivor size 10485760 bytes, new threshold 6 (max threshold 15)
[2022-06-09T06:45:23.108+0000][6][gc,phases   ] GC(12)   Pre Evacuate Collection Set: 0.1ms
[2022-06-09T06:45:23.108+0000][6][gc,phases   ] GC(12)   Merge Heap Roots: 0.0ms
[2022-06-09T06:45:23.108+0000][6][gc,phases   ] GC(12)   Evacuate Collection Set: 30.6ms
[2022-06-09T06:45:23.108+0000][6][gc,phases   ] GC(12)   Post Evacuate Collection Set: 1.2ms
[2022-06-09T06:45:23.108+0000][6][gc,phases   ] GC(12)   Other: 0.1ms
[2022-06-09T06:45:23.108+0000][6][gc,age      ] GC(12) Age table with threshold 6 (max threshold 15)
[2022-06-09T06:45:23.108+0000][6][gc,age      ] GC(12) - age   1:     544424 bytes,     544424 total
[2022-06-09T06:45:23.108+0000][6][gc,age      ] GC(12) - age   2:    1618248 bytes,    2162672 total
[2022-06-09T06:45:23.108+0000][6][gc,age      ] GC(12) - age   3:     277664 bytes,    2440336 total
[2022-06-09T06:45:23.108+0000][6][gc,age      ] GC(12) - age   4:    1049328 bytes,    3489664 total
[2022-06-09T06:45:23.108+0000][6][gc,age      ] GC(12) - age   5:    2462800 bytes,    5952464 total
[2022-06-09T06:45:23.108+0000][6][gc,age      ] GC(12) - age   6:     980016 bytes,    6932480 total
[2022-06-09T06:45:23.108+0000][6][gc,heap     ] GC(12) Eden regions: 25->0(36)
[2022-06-09T06:45:23.108+0000][6][gc,heap     ] GC(12) Survivor regions: 3->2(5)
[2022-06-09T06:45:23.108+0000][6][gc,heap     ] GC(12) Old regions: 2->3
[2022-06-09T06:45:23.108+0000][6][gc,heap     ] GC(12) Archive regions: 2->2
[2022-06-09T06:45:23.108+0000][6][gc,heap     ] GC(12) Humongous regions: 0->0
[2022-06-09T06:45:23.108+0000][6][gc,metaspace] GC(12) Metaspace: 21011K(21504K)->21011K(21504K) NonClass: 18514K(18816K)->18514K(18816K) Class: 2496K(2688K)->2496K(2688K)
[2022-06-09T06:45:23.108+0000][6][gc          ] GC(12) Pause Young (Concurrent Start) (Metadata GC Threshold) 120M->22M(256M) 32.218ms
[2022-06-09T06:45:23.108+0000][6][gc,cpu      ] GC(12) User=0.02s Sys=0.00s Real=0.03s
[2022-06-09T06:45:23.108+0000][6][safepoint   ] Safepoint "CollectForMetadataAllocation", Time since last: 619503226 ns, Reaching safepoint: 23860 ns, At safepoint: 32319093 ns, Total: 32342953 ns
[2022-06-09T06:45:23.111+0000][6][gc          ] GC(13) Concurrent Mark Cycle
[2022-06-09T06:45:23.111+0000][6][gc,marking  ] GC(13) Concurrent Clear Claimed Marks
[2022-06-09T06:45:23.111+0000][6][gc,marking  ] GC(13) Concurrent Clear Claimed Marks 0.034ms
[2022-06-09T06:45:23.111+0000][6][gc,marking  ] GC(13) Concurrent Scan Root Regions
[2022-06-09T06:45:23.132+0000][6][gc,marking  ] GC(13) Concurrent Scan Root Regions 20.864ms
[2022-06-09T06:45:23.132+0000][6][gc,marking  ] GC(13) Concurrent Mark
[2022-06-09T06:45:23.132+0000][6][gc,marking  ] GC(13) Concurrent Mark From Roots
[2022-06-09T06:45:23.132+0000][6][gc,task     ] GC(13) Using 1 workers of 1 for marking
[2022-06-09T06:45:23.174+0000][6][gc,marking  ] GC(13) Concurrent Mark From Roots 42.069ms
[2022-06-09T06:45:23.174+0000][6][gc,marking  ] GC(13) Concurrent Preclean
[2022-06-09T06:45:23.174+0000][6][gc,marking  ] GC(13) Concurrent Preclean 0.033ms
[2022-06-09T06:45:23.175+0000][6][gc,start    ] GC(13) Pause Remark
[2022-06-09T06:45:23.193+0000][6][gc          ] GC(13) Pause Remark 28M->28M(256M) 18.367ms
[2022-06-09T06:45:23.193+0000][6][gc,cpu      ] GC(13) User=0.01s Sys=0.00s Real=0.01s
[2022-06-09T06:45:23.193+0000][6][safepoint   ] Safepoint "G1Concurrent", Time since last: 66077236 ns, Reaching safepoint: 752774 ns, At safepoint: 18440758 ns, Total: 19193532 ns
[2022-06-09T06:45:23.193+0000][6][gc,marking  ] GC(13) Concurrent Mark 61.401ms
[2022-06-09T06:45:23.193+0000][6][gc,marking  ] GC(13) Concurrent Rebuild Remembered Sets
[2022-06-09T06:45:23.233+0000][6][gc,marking  ] GC(13) Concurrent Rebuild Remembered Sets 39.502ms
[2022-06-09T06:45:23.240+0000][6][gc,start    ] GC(13) Pause Cleanup
[2022-06-09T06:45:23.240+0000][6][gc          ] GC(13) Pause Cleanup 36M->36M(256M) 0.052ms
[2022-06-09T06:45:23.240+0000][6][gc,cpu      ] GC(13) User=0.00s Sys=0.00s Real=0.00s
[2022-06-09T06:45:23.240+0000][6][safepoint   ] Safepoint "G1Concurrent", Time since last: 39591694 ns, Reaching safepoint: 6728614 ns, At safepoint: 98758 ns, Total: 6827372 ns
[2022-06-09T06:45:23.240+0000][6][gc,marking  ] GC(13) Concurrent Cleanup for Next Mark
[2022-06-09T06:45:23.247+0000][6][gc,marking  ] GC(13) Concurrent Cleanup for Next Mark 7.245ms
[2022-06-09T06:45:23.247+0000][6][gc          ] GC(13) Concurrent Mark Cycle 136.077ms
[2022-06-09T06:45:23.990+0000][6][gc,start    ] GC(14) Pause Young (Normal) (G1 Evacuation Pause)
[2022-06-09T06:45:23.990+0000][6][gc,task     ] GC(14) Using 1 workers of 1 for evacuation
[2022-06-09T06:45:23.990+0000][6][gc,age      ] GC(14) Desired survivor size 10485760 bytes, new threshold 15 (max threshold 15)
[2022-06-09T06:45:24.002+0000][6][gc,phases   ] GC(14)   Pre Evacuate Collection Set: 0.0ms
[2022-06-09T06:45:24.002+0000][6][gc,phases   ] GC(14)   Merge Heap Roots: 0.0ms
[2022-06-09T06:45:24.002+0000][6][gc,phases   ] GC(14)   Evacuate Collection Set: 9.5ms
[2022-06-09T06:45:24.002+0000][6][gc,phases   ] GC(14)   Post Evacuate Collection Set: 2.8ms
[2022-06-09T06:45:24.002+0000][6][gc,phases   ] GC(14)   Other: 0.1ms
[2022-06-09T06:45:24.002+0000][6][gc,age      ] GC(14) Age table with threshold 15 (max threshold 15)
[2022-06-09T06:45:24.002+0000][6][gc,age      ] GC(14) - age   1:     419680 bytes,     419680 total
[2022-06-09T06:45:24.002+0000][6][gc,age      ] GC(14) - age   2:     526408 bytes,     946088 total
[2022-06-09T06:45:24.002+0000][6][gc,age      ] GC(14) - age   3:    1618216 bytes,    2564304 total
[2022-06-09T06:45:24.002+0000][6][gc,age      ] GC(14) - age   4:     277384 bytes,    2841688 total
[2022-06-09T06:45:24.002+0000][6][gc,age      ] GC(14) - age   5:    1048784 bytes,    3890472 total
[2022-06-09T06:45:24.002+0000][6][gc,age      ] GC(14) - age   6:    2462528 bytes,    6353000 total
[2022-06-09T06:45:24.002+0000][6][gc,age      ] GC(14) - age   7:     980016 bytes,    7333016 total
[2022-06-09T06:45:24.002+0000][6][gc,heap     ] GC(14) Eden regions: 36->0(36)
[2022-06-09T06:45:24.002+0000][6][gc,heap     ] GC(14) Survivor regions: 2->2(5)
[2022-06-09T06:45:24.002+0000][6][gc,heap     ] GC(14) Old regions: 3->3
[2022-06-09T06:45:24.002+0000][6][gc,heap     ] GC(14) Archive regions: 2->2
[2022-06-09T06:45:24.002+0000][6][gc,heap     ] GC(14) Humongous regions: 0->0
[2022-06-09T06:45:24.002+0000][6][gc,metaspace] GC(14) Metaspace: 21126K(21696K)->21126K(21696K) NonClass: 18609K(18944K)->18609K(18944K) Class: 2516K(2752K)->2516K(2752K)
[2022-06-09T06:45:24.003+0000][6][gc          ] GC(14) Pause Young (Normal) (G1 Evacuation Pause) 166M->22M(256M) 12.759ms
[2022-06-09T06:45:24.003+0000][6][gc,cpu      ] GC(14) User=0.01s Sys=0.00s Real=0.01s
[2022-06-09T06:45:24.003+0000][6][safepoint   ] Safepoint "G1CollectForAllocation", Time since last: 750029839 ns, Reaching safepoint: 26357 ns, At safepoint: 12855410 ns, Total: 12881767 ns
[2022-06-09T06:45:25.003+0000][6][safepoint   ] Safepoint "Cleanup", Time since last: 1000091150 ns, Reaching safepoint: 193829 ns, At safepoint: 5004 ns, Total: 198833 ns
[2022-06-09T06:45:25.925+0000][6][gc,start    ] GC(15) Pause Young (Normal) (G1 Evacuation Pause)
[2022-06-09T06:45:25.925+0000][6][gc,task     ] GC(15) Using 1 workers of 1 for evacuation
[2022-06-09T06:45:25.925+0000][6][gc,age      ] GC(15) Desired survivor size 10485760 bytes, new threshold 15 (max threshold 15)
[2022-06-09T06:45:25.966+0000][6][gc,phases   ] GC(15)   Pre Evacuate Collection Set: 0.0ms
[2022-06-09T06:45:25.966+0000][6][gc,phases   ] GC(15)   Merge Heap Roots: 0.0ms
[2022-06-09T06:45:25.966+0000][6][gc,phases   ] GC(15)   Evacuate Collection Set: 29.3ms
[2022-06-09T06:45:25.966+0000][6][gc,phases   ] GC(15)   Post Evacuate Collection Set: 12.2ms
[2022-06-09T06:45:25.966+0000][6][gc,phases   ] GC(15)   Other: 0.1ms
[2022-06-09T06:45:25.966+0000][6][gc,age      ] GC(15) Age table with threshold 15 (max threshold 15)
[2022-06-09T06:45:25.966+0000][6][gc,age      ] GC(15) - age   1:    1439688 bytes,    1439688 total
[2022-06-09T06:45:25.966+0000][6][gc,age      ] GC(15) - age   2:     407768 bytes,    1847456 total
[2022-06-09T06:45:25.966+0000][6][gc,age      ] GC(15) - age   3:     525792 bytes,    2373248 total
[2022-06-09T06:45:25.966+0000][6][gc,age      ] GC(15) - age   4:    1617656 bytes,    3990904 total
[2022-06-09T06:45:25.966+0000][6][gc,age      ] GC(15) - age   5:     276912 bytes,    4267816 total
[2022-06-09T06:45:25.966+0000][6][gc,age      ] GC(15) - age   6:    1048320 bytes,    5316136 total
[2022-06-09T06:45:25.966+0000][6][gc,age      ] GC(15) - age   7:    2461152 bytes,    7777288 total
[2022-06-09T06:45:25.966+0000][6][gc,age      ] GC(15) - age   8:     977080 bytes,    8754368 total
[2022-06-09T06:45:25.966+0000][6][gc,heap     ] GC(15) Eden regions: 36->0(35)
[2022-06-09T06:45:25.966+0000][6][gc,heap     ] GC(15) Survivor regions: 2->3(5)
[2022-06-09T06:45:25.966+0000][6][gc,heap     ] GC(15) Old regions: 3->3
[2022-06-09T06:45:25.966+0000][6][gc,heap     ] GC(15) Archive regions: 2->2
[2022-06-09T06:45:25.968+0000][6][gc,heap     ] GC(15) Humongous regions: 0->0
[2022-06-09T06:45:25.968+0000][6][gc,metaspace] GC(15) Metaspace: 24910K(25600K)->24910K(25600K) NonClass: 21904K(22336K)->21904K(22336K) Class: 3006K(3264K)->3006K(3264K)
[2022-06-09T06:45:25.968+0000][6][gc          ] GC(15) Pause Young (Normal) (G1 Evacuation Pause) 166M->23M(256M) 43.140ms
[2022-06-09T06:45:25.968+0000][6][gc,cpu      ] GC(15) User=0.01s Sys=0.00s Real=0.05s
[2022-06-09T06:45:25.968+0000][6][safepoint   ] Safepoint "G1CollectForAllocation", Time since last: 921655629 ns, Reaching safepoint: 77585 ns, At safepoint: 43198363 ns, Total: 43275948 ns
[2022-06-09T06:45:26.968+0000][6][safepoint   ] Safepoint "Cleanup", Time since last: 1000511388 ns, Reaching safepoint: 171854 ns, At safepoint: 4330 ns, Total: 176184 ns
[2022-06-09T06:45:28.187+0000][6][safepoint   ] Safepoint "Cleanup", Time since last: 1218014516 ns, Reaching safepoint: 184452 ns, At safepoint: 4933 ns, Total: 189385 ns
[2022-06-09T06:45:29.195+0000][6][safepoint   ] Safepoint "Cleanup", Time since last: 1007805863 ns, Reaching safepoint: 152835 ns, At safepoint: 4813 ns, Total: 157648 ns
[2022-06-09T06:45:30.199+0000][6][safepoint   ] Safepoint "Cleanup", Time since last: 1003220010 ns, Reaching safepoint: 885602 ns, At safepoint: 5448 ns, Total: 891050 ns
[2022-06-09T06:45:31.199+0000][6][safepoint   ] Safepoint "Cleanup", Time since last: 1000123429 ns, Reaching safepoint: 146599 ns, At safepoint: 5132 ns, Total: 151731 ns
[2022-06-09T06:45:31.855+0000][6][gc,start    ] GC(16) Pause Young (Normal) (G1 Evacuation Pause)
[2022-06-09T06:45:31.855+0000][6][gc,task     ] GC(16) Using 1 workers of 1 for evacuation
[2022-06-09T06:45:31.855+0000][6][gc,age      ] GC(16) Desired survivor size 10485760 bytes, new threshold 15 (max threshold 15)
[2022-06-09T06:45:32.022+0000][6][gc,phases   ] GC(16)   Pre Evacuate Collection Set: 0.0ms
[2022-06-09T06:45:32.022+0000][6][gc,phases   ] GC(16)   Merge Heap Roots: 0.0ms
[2022-06-09T06:45:32.022+0000][6][gc,phases   ] GC(16)   Evacuate Collection Set: 155.1ms
[2022-06-09T06:45:32.022+0000][6][gc,phases   ] GC(16)   Post Evacuate Collection Set: 12.1ms
[2022-06-09T06:45:32.022+0000][6][gc,phases   ] GC(16)   Other: 0.1ms
[2022-06-09T06:45:32.022+0000][6][gc,age      ] GC(16) Age table with threshold 15 (max threshold 15)
[2022-06-09T06:45:32.022+0000][6][gc,age      ] GC(16) - age   1:   13256776 bytes,   13256776 total
[2022-06-09T06:45:32.022+0000][6][gc,age      ] GC(16) - age   2:     955560 bytes,   14212336 total
[2022-06-09T06:45:32.022+0000][6][gc,age      ] GC(16) - age   3:     391168 bytes,   14603504 total
[2022-06-09T06:45:32.022+0000][6][gc,age      ] GC(16) - age   4:     500400 bytes,   15103904 total
[2022-06-09T06:45:32.022+0000][6][gc,age      ] GC(16) - age   5:    1539032 bytes,   16642936 total
[2022-06-09T06:45:32.022+0000][6][gc,age      ] GC(16) - age   6:     195304 bytes,   16838240 total
[2022-06-09T06:45:32.022+0000][6][gc,age      ] GC(16) - age   7:    1010976 bytes,   17849216 total
[2022-06-09T06:45:32.022+0000][6][gc,age      ] GC(16) - age   8:    2078616 bytes,   19927832 total
[2022-06-09T06:45:32.022+0000][6][gc,age      ] GC(16) - age   9:     915384 bytes,   20843216 total
[2022-06-09T06:45:32.022+0000][6][gc,heap     ] GC(16) Eden regions: 35->0(33)
[2022-06-09T06:45:32.022+0000][6][gc,heap     ] GC(16) Survivor regions: 3->5(5)
[2022-06-09T06:45:32.022+0000][6][gc,heap     ] GC(16) Old regions: 3->4
[2022-06-09T06:45:32.022+0000][6][gc,heap     ] GC(16) Archive regions: 2->2
[2022-06-09T06:45:32.022+0000][6][gc,heap     ] GC(16) Humongous regions: 0->0
[2022-06-09T06:45:32.022+0000][6][gc,metaspace] GC(16) Metaspace: 30783K(31744K)->30783K(31744K) NonClass: 26983K(27584K)->26983K(27584K) Class: 3799K(4160K)->3799K(4160K)
[2022-06-09T06:45:32.022+0000][6][gc          ] GC(16) Pause Young (Normal) (G1 Evacuation Pause) 163M->37M(256M) 167.571ms
[2022-06-09T06:45:32.022+0000][6][gc,cpu      ] GC(16) User=0.08s Sys=0.00s Real=0.16s
[2022-06-09T06:45:32.022+0000][6][safepoint   ] Safepoint "G1CollectForAllocation", Time since last: 655450755 ns, Reaching safepoint: 28256 ns, At safepoint: 167621514 ns, Total: 167649770 ns
[2022-06-09T06:45:33.359+0000][6][safepoint   ] Safepoint "Cleanup", Time since last: 1336672050 ns, Reaching safepoint: 535413 ns, At safepoint: 5223 ns, Total: 540636 ns
[2022-06-09T06:45:34.360+0000][6][safepoint   ] Safepoint "Cleanup", Time since last: 1000118550 ns, Reaching safepoint: 151735 ns, At safepoint: 5056 ns, Total: 156791 ns
[2022-06-09T06:45:35.361+0000][6][safepoint   ] Safepoint "Cleanup", Time since last: 1000955816 ns, Reaching safepoint: 170928 ns, At safepoint: 5272 ns, Total: 176200 ns
[2022-06-09T06:45:36.413+0000][6][gc,start    ] GC(17) Pause Young (Concurrent Start) (Metadata GC Threshold)
[2022-06-09T06:45:36.413+0000][6][gc,task     ] GC(17) Using 1 workers of 1 for evacuation
[2022-06-09T06:45:36.413+0000][6][gc,age      ] GC(17) Desired survivor size 10485760 bytes, new threshold 1 (max threshold 15)
[2022-06-09T06:45:36.547+0000][6][gc,phases   ] GC(17)   Pre Evacuate Collection Set: 0.1ms
[2022-06-09T06:45:36.547+0000][6][gc,phases   ] GC(17)   Merge Heap Roots: 0.1ms
[2022-06-09T06:45:36.547+0000][6][gc,phases   ] GC(17)   Evacuate Collection Set: 127.5ms
[2022-06-09T06:45:36.547+0000][6][gc,phases   ] GC(17)   Post Evacuate Collection Set: 2.3ms
[2022-06-09T06:45:36.547+0000][6][gc,phases   ] GC(17)   Other: 3.9ms
[2022-06-09T06:45:36.547+0000][6][gc,age      ] GC(17) Age table with threshold 1 (max threshold 15)
[2022-06-09T06:45:36.547+0000][6][gc,age      ] GC(17) - age   1:   12175032 bytes,   12175032 total
[2022-06-09T06:45:36.547+0000][6][gc,heap     ] GC(17) Eden regions: 32->0(33)
[2022-06-09T06:45:36.547+0000][6][gc,heap     ] GC(17) Survivor regions: 5->3(5)
[2022-06-09T06:45:36.547+0000][6][gc,heap     ] GC(17) Old regions: 4->9
[2022-06-09T06:45:36.547+0000][6][gc,heap     ] GC(17) Archive regions: 2->2
[2022-06-09T06:45:36.547+0000][6][gc,heap     ] GC(17) Humongous regions: 0->0
[2022-06-09T06:45:36.547+0000][6][gc,metaspace] GC(17) Metaspace: 34993K(35968K)->34993K(35968K) NonClass: 30520K(31104K)->30520K(31104K) Class: 4473K(4864K)->4473K(4864K)
[2022-06-09T06:45:36.547+0000][6][gc          ] GC(17) Pause Young (Concurrent Start) (Metadata GC Threshold) 165M->49M(256M) 134.081ms
[2022-06-09T06:45:36.547+0000][6][gc,cpu      ] GC(17) User=0.06s Sys=0.00s Real=0.14s
[2022-06-09T06:45:36.547+0000][6][safepoint   ] Safepoint "CollectForMetadataAllocation", Time since last: 1051772016 ns, Reaching safepoint: 46994 ns, At safepoint: 134201622 ns, Total: 134248616 ns
[2022-06-09T06:45:36.547+0000][6][gc          ] GC(18) Concurrent Mark Cycle
[2022-06-09T06:45:36.547+0000][6][gc,marking  ] GC(18) Concurrent Clear Claimed Marks
[2022-06-09T06:45:36.547+0000][6][gc,marking  ] GC(18) Concurrent Clear Claimed Marks 0.063ms
[2022-06-09T06:45:36.547+0000][6][gc,marking  ] GC(18) Concurrent Scan Root Regions
[2022-06-09T06:45:36.656+0000][6][safepoint   ] Safepoint "CollectForMetadataAllocation", Time since last: 109204766 ns, Reaching safepoint: 138871 ns, At safepoint: 62200 ns, Total: 201071 ns
[2022-06-09T06:45:36.678+0000][6][gc,marking  ] GC(18) Concurrent Scan Root Regions 131.015ms
[2022-06-09T06:45:36.678+0000][6][gc,marking  ] GC(18) Concurrent Mark
[2022-06-09T06:45:36.678+0000][6][gc,marking  ] GC(18) Concurrent Mark From Roots
[2022-06-09T06:45:36.678+0000][6][gc,task     ] GC(18) Using 1 workers of 1 for marking
[2022-06-09T06:45:36.782+0000][6][safepoint   ] Safepoint "CollectForMetadataAllocation", Time since last: 125721764 ns, Reaching safepoint: 49423 ns, At safepoint: 109022 ns, Total: 158445 ns
[2022-06-09T06:45:36.798+0000][6][gc,marking  ] GC(18) Concurrent Mark From Roots 120.534ms
[2022-06-09T06:45:36.799+0000][6][gc,marking  ] GC(18) Concurrent Preclean
[2022-06-09T06:45:36.799+0000][6][gc,marking  ] GC(18) Concurrent Preclean 0.079ms
[2022-06-09T06:45:36.800+0000][6][gc,start    ] GC(18) Pause Remark
[2022-06-09T06:45:36.817+0000][6][gc          ] GC(18) Pause Remark 53M->53M(256M) 16.981ms
[2022-06-09T06:45:36.817+0000][6][gc,cpu      ] GC(18) User=0.01s Sys=0.00s Real=0.02s
[2022-06-09T06:45:36.817+0000][6][safepoint   ] Safepoint "G1Concurrent", Time since last: 16567677 ns, Reaching safepoint: 917927 ns, At safepoint: 17071157 ns, Total: 17989084 ns
[2022-06-09T06:45:36.817+0000][6][gc,marking  ] GC(18) Concurrent Mark 138.719ms
[2022-06-09T06:45:36.817+0000][6][gc,marking  ] GC(18) Concurrent Rebuild Remembered Sets
[2022-06-09T06:45:36.946+0000][6][gc,marking  ] GC(18) Concurrent Rebuild Remembered Sets 129.752ms
[2022-06-09T06:45:36.947+0000][6][gc,start    ] GC(18) Pause Cleanup
[2022-06-09T06:45:36.951+0000][6][gc          ] GC(18) Pause Cleanup 55M->55M(256M) 3.850ms
[2022-06-09T06:45:36.951+0000][6][gc,cpu      ] GC(18) User=0.00s Sys=0.00s Real=0.00s
[2022-06-09T06:45:36.951+0000][6][safepoint   ] Safepoint "G1Concurrent", Time since last: 129885005 ns, Reaching safepoint: 141912 ns, At safepoint: 3902533 ns, Total: 4044445 ns
[2022-06-09T06:45:36.951+0000][6][gc,marking  ] GC(18) Concurrent Cleanup for Next Mark
[2022-06-09T06:45:36.967+0000][6][gc,marking  ] GC(18) Concurrent Cleanup for Next Mark 16.578ms
[2022-06-09T06:45:36.967+0000][6][gc          ] GC(18) Concurrent Mark Cycle 420.397ms
[2022-06-09T06:45:37.951+0000][6][safepoint   ] Safepoint "Cleanup", Time since last: 1000092960 ns, Reaching safepoint: 194878 ns, At safepoint: 5784 ns, Total: 200662 ns
[2022-06-09T06:45:39.704+0000][6][safepoint   ] Safepoint "Cleanup", Time since last: 1747643063 ns, Reaching safepoint: 5146628 ns, At safepoint: 6246 ns, Total: 5152874 ns
[2022-06-09T06:45:40.707+0000][6][safepoint   ] Safepoint "Cleanup", Time since last: 1002853665 ns, Reaching safepoint: 151994 ns, At safepoint: 5938 ns, Total: 157932 ns
[2022-06-09T06:45:41.495+0000][6][gc,start    ] GC(19) Pause Young (Normal) (G1 Evacuation Pause)
[2022-06-09T06:45:41.495+0000][6][gc,task     ] GC(19) Using 1 workers of 1 for evacuation
[2022-06-09T06:45:41.495+0000][6][gc,age      ] GC(19) Desired survivor size 10485760 bytes, new threshold 1 (max threshold 15)
[2022-06-09T06:45:41.592+0000][6][gc,phases   ] GC(19)   Pre Evacuate Collection Set: 0.0ms
[2022-06-09T06:45:41.592+0000][6][gc,phases   ] GC(19)   Merge Heap Roots: 0.1ms
[2022-06-09T06:45:41.592+0000][6][gc,phases   ] GC(19)   Evacuate Collection Set: 95.3ms
[2022-06-09T06:45:41.592+0000][6][gc,phases   ] GC(19)   Post Evacuate Collection Set: 1.5ms
[2022-06-09T06:45:41.592+0000][6][gc,phases   ] GC(19)   Other: 0.1ms
[2022-06-09T06:45:41.592+0000][6][gc,age      ] GC(19) Age table with threshold 1 (max threshold 15)
[2022-06-09T06:45:41.592+0000][6][gc,age      ] GC(19) - age   1:    5901632 bytes,    5901632 total
[2022-06-09T06:45:41.592+0000][6][gc,heap     ] GC(19) Eden regions: 33->0(32)
[2022-06-09T06:45:41.592+0000][6][gc,heap     ] GC(19) Survivor regions: 3->2(5)
[2022-06-09T06:45:41.592+0000][6][gc,heap     ] GC(19) Old regions: 9->12
[2022-06-09T06:45:41.592+0000][6][gc,heap     ] GC(19) Archive regions: 2->2
[2022-06-09T06:45:41.592+0000][6][gc,heap     ] GC(19) Humongous regions: 0->0
[2022-06-09T06:45:41.592+0000][6][gc,metaspace] GC(19) Metaspace: 51800K(53056K)->51800K(53056K) NonClass: 45017K(45760K)->45017K(45760K) Class: 6783K(7296K)->6783K(7296K)
[2022-06-09T06:45:41.592+0000][6][gc          ] GC(19) Pause Young (Normal) (G1 Evacuation Pause) 181M->55M(256M) 97.244ms
[2022-06-09T06:45:41.592+0000][6][gc,cpu      ] GC(19) User=0.04s Sys=0.01s Real=0.09s
[2022-06-09T06:45:41.592+0000][6][safepoint   ] Safepoint "G1CollectForAllocation", Time since last: 787850384 ns, Reaching safepoint: 53127 ns, At safepoint: 97293247 ns, Total: 97346374 ns
[2022-06-09T06:45:42.594+0000][6][safepoint   ] Safepoint "Cleanup", Time since last: 1001765815 ns, Reaching safepoint: 176297 ns, At safepoint: 5903 ns, Total: 182200 ns
[2022-06-09T06:45:43.597+0000][6][safepoint   ] Safepoint "Cleanup", Time since last: 1002547427 ns, Reaching safepoint: 270248 ns, At safepoint: 6066 ns, Total: 276314 ns
[2022-06-09T06:45:43.943+0000][6][gc,start    ] GC(20) Pause Young (Normal) (G1 Evacuation Pause)
[2022-06-09T06:45:43.943+0000][6][gc,task     ] GC(20) Using 1 workers of 1 for evacuation
[2022-06-09T06:45:43.943+0000][6][gc,age      ] GC(20) Desired survivor size 10485760 bytes, new threshold 15 (max threshold 15)
[2022-06-09T06:45:43.988+0000][6][gc,phases   ] GC(20)   Pre Evacuate Collection Set: 0.0ms
[2022-06-09T06:45:43.988+0000][6][gc,phases   ] GC(20)   Merge Heap Roots: 0.1ms
[2022-06-09T06:45:43.988+0000][6][gc,phases   ] GC(20)   Evacuate Collection Set: 44.4ms
[2022-06-09T06:45:43.988+0000][6][gc,phases   ] GC(20)   Post Evacuate Collection Set: 0.9ms
[2022-06-09T06:45:43.988+0000][6][gc,phases   ] GC(20)   Other: 0.1ms
[2022-06-09T06:45:43.988+0000][6][gc,age      ] GC(20) Age table with threshold 15 (max threshold 15)
[2022-06-09T06:45:43.988+0000][6][gc,age      ] GC(20) - age   1:     200392 bytes,     200392 total
[2022-06-09T06:45:43.988+0000][6][gc,age      ] GC(20) - age   2:    5669232 bytes,    5869624 total
[2022-06-09T06:45:43.988+0000][6][gc,heap     ] GC(20) Eden regions: 32->0(33)
[2022-06-09T06:45:43.988+0000][6][gc,heap     ] GC(20) Survivor regions: 2->2(5)
[2022-06-09T06:45:43.988+0000][6][gc,heap     ] GC(20) Old regions: 12->12
[2022-06-09T06:45:43.988+0000][6][gc,heap     ] GC(20) Archive regions: 2->2
[2022-06-09T06:45:43.988+0000][6][gc,heap     ] GC(20) Humongous regions: 0->0
[2022-06-09T06:45:43.988+0000][6][gc,metaspace] GC(20) Metaspace: 52228K(53504K)->52228K(53504K) NonClass: 45405K(46208K)->45405K(46208K) Class: 6823K(7296K)->6823K(7296K)
[2022-06-09T06:45:43.988+0000][6][gc          ] GC(20) Pause Young (Normal) (G1 Evacuation Pause) 183M->56M(256M) 45.690ms
[2022-06-09T06:45:43.988+0000][6][gc,cpu      ] GC(20) User=0.02s Sys=0.00s Real=0.05s
[2022-06-09T06:45:43.988+0000][6][safepoint   ] Safepoint "G1CollectForAllocation", Time since last: 345881098 ns, Reaching safepoint: 22620 ns, At safepoint: 45736408 ns, Total: 45759028 ns
[2022-06-09T06:45:45.003+0000][6][safepoint   ] Safepoint "Cleanup", Time since last: 1002232142 ns, Reaching safepoint: 12016498 ns, At safepoint: 9433 ns, Total: 12025931 ns
[2022-06-09T06:45:46.018+0000][6][safepoint   ] Safepoint "Cleanup", Time since last: 1003976030 ns, Reaching safepoint: 11787131 ns, At safepoint: 7335 ns, Total: 11794466 ns
[2022-06-09T06:45:47.800+0000][6][safepoint   ] Safepoint "Cleanup", Time since last: 1780211204 ns, Reaching safepoint: 1006393 ns, At safepoint: 6255 ns, Total: 1012648 ns
[2022-06-09T06:45:50.807+0000][6][safepoint   ] Safepoint "Cleanup", Time since last: 3007084894 ns, Reaching safepoint: 159467 ns, At safepoint: 6147 ns, Total: 165614 ns
[2022-06-09T06:45:51.599+0000][6][gc,start    ] GC(21) Pause Young (Normal) (G1 Evacuation Pause)
[2022-06-09T06:45:51.599+0000][6][gc,task     ] GC(21) Using 1 workers of 1 for evacuation
[2022-06-09T06:45:51.599+0000][6][gc,age      ] GC(21) Desired survivor size 10485760 bytes, new threshold 15 (max threshold 15)
[2022-06-09T06:45:51.668+0000][6][gc,phases   ] GC(21)   Pre Evacuate Collection Set: 0.1ms
[2022-06-09T06:45:51.668+0000][6][gc,phases   ] GC(21)   Merge Heap Roots: 0.1ms
[2022-06-09T06:45:51.668+0000][6][gc,phases   ] GC(21)   Evacuate Collection Set: 67.7ms
[2022-06-09T06:45:51.668+0000][6][gc,phases   ] GC(21)   Post Evacuate Collection Set: 1.3ms
[2022-06-09T06:45:51.668+0000][6][gc,phases   ] GC(21)   Other: 0.1ms
[2022-06-09T06:45:51.668+0000][6][gc,age      ] GC(21) Age table with threshold 15 (max threshold 15)
[2022-06-09T06:45:51.668+0000][6][gc,age      ] GC(21) - age   1:    4243040 bytes,    4243040 total
[2022-06-09T06:45:51.668+0000][6][gc,age      ] GC(21) - age   2:     167976 bytes,    4411016 total
[2022-06-09T06:45:51.668+0000][6][gc,age      ] GC(21) - age   3:    5656080 bytes,   10067096 total
[2022-06-09T06:45:51.668+0000][6][gc,heap     ] GC(21) Eden regions: 33->0(32)
[2022-06-09T06:45:51.668+0000][6][gc,heap     ] GC(21) Survivor regions: 2->3(5)
[2022-06-09T06:45:51.668+0000][6][gc,heap     ] GC(21) Old regions: 12->12
[2022-06-09T06:45:51.668+0000][6][gc,heap     ] GC(21) Archive regions: 2->2
[2022-06-09T06:45:51.668+0000][6][gc,heap     ] GC(21) Humongous regions: 0->0
[2022-06-09T06:45:51.668+0000][6][gc,metaspace] GC(21) Metaspace: 59505K(60736K)->59505K(60736K) NonClass: 51708K(52480K)->51708K(52480K) Class: 7797K(8256K)->7797K(8256K)
[2022-06-09T06:45:51.668+0000][6][gc          ] GC(21) Pause Young (Normal) (G1 Evacuation Pause) 188M->60M(256M) 69.437ms
[2022-06-09T06:45:51.668+0000][6][gc,cpu      ] GC(21) User=0.04s Sys=0.00s Real=0.07s
[2022-06-09T06:45:51.668+0000][6][safepoint   ] Safepoint "G1CollectForAllocation", Time since last: 791732533 ns, Reaching safepoint: 52295 ns, At safepoint: 69487342 ns, Total: 69539637 ns
[2022-06-09T06:45:52.668+0000][6][safepoint   ] Safepoint "Cleanup", Time since last: 1000093512 ns, Reaching safepoint: 164289 ns, At safepoint: 5315 ns, Total: 169604 ns
[2022-06-09T06:45:52.963+0000][6][gc,start    ] GC(22) Pause Young (Concurrent Start) (Metadata GC Threshold)
[2022-06-09T06:45:52.963+0000][6][gc,task     ] GC(22) Using 1 workers of 1 for evacuation
[2022-06-09T06:45:52.963+0000][6][gc,age      ] GC(22) Desired survivor size 10485760 bytes, new threshold 15 (max threshold 15)
[2022-06-09T06:45:53.023+0000][6][gc,phases   ] GC(22)   Pre Evacuate Collection Set: 0.1ms
[2022-06-09T06:45:53.024+0000][6][gc,phases   ] GC(22)   Merge Heap Roots: 0.1ms
[2022-06-09T06:45:53.024+0000][6][gc,phases   ] GC(22)   Evacuate Collection Set: 59.2ms
[2022-06-09T06:45:53.024+0000][6][gc,phases   ] GC(22)   Post Evacuate Collection Set: 1.0ms
[2022-06-09T06:45:53.024+0000][6][gc,phases   ] GC(22)   Other: 0.1ms
[2022-06-09T06:45:53.024+0000][6][gc,age      ] GC(22) Age table with threshold 15 (max threshold 15)
[2022-06-09T06:45:53.024+0000][6][gc,age      ] GC(22) - age   1:    1209232 bytes,    1209232 total
[2022-06-09T06:45:53.024+0000][6][gc,age      ] GC(22) - age   2:    4079392 bytes,    5288624 total
[2022-06-09T06:45:53.024+0000][6][gc,age      ] GC(22) - age   3:     167976 bytes,    5456600 total
[2022-06-09T06:45:53.024+0000][6][gc,age      ] GC(22) - age   4:    5656064 bytes,   11112664 total
[2022-06-09T06:45:53.024+0000][6][gc,heap     ] GC(22) Eden regions: 20->0(33)
[2022-06-09T06:45:53.024+0000][6][gc,heap     ] GC(22) Survivor regions: 3->3(5)
[2022-06-09T06:45:53.024+0000][6][gc,heap     ] GC(22) Old regions: 12->12
[2022-06-09T06:45:53.024+0000][6][gc,heap     ] GC(22) Archive regions: 2->2
[2022-06-09T06:45:53.024+0000][6][gc,heap     ] GC(22) Humongous regions: 0->0
[2022-06-09T06:45:53.024+0000][6][gc,metaspace] GC(22) Metaspace: 59915K(61120K)->59915K(61120K) NonClass: 52071K(52800K)->52071K(52800K) Class: 7844K(8320K)->7844K(8320K)
[2022-06-09T06:45:53.024+0000][6][gc          ] GC(22) Pause Young (Concurrent Start) (Metadata GC Threshold) 140M->61M(256M) 60.748ms
[2022-06-09T06:45:53.024+0000][6][gc,cpu      ] GC(22) User=0.03s Sys=0.01s Real=0.06s
[2022-06-09T06:45:53.024+0000][6][safepoint   ] Safepoint "CollectForMetadataAllocation", Time since last: 294535503 ns, Reaching safepoint: 27849 ns, At safepoint: 60854573 ns, Total: 60882422 ns
[2022-06-09T06:45:53.026+0000][6][gc          ] GC(23) Concurrent Mark Cycle
[2022-06-09T06:45:53.027+0000][6][gc,marking  ] GC(23) Concurrent Clear Claimed Marks
[2022-06-09T06:45:53.027+0000][6][gc,marking  ] GC(23) Concurrent Clear Claimed Marks 0.074ms
[2022-06-09T06:45:53.027+0000][6][gc,marking  ] GC(23) Concurrent Scan Root Regions
[2022-06-09T06:45:53.079+0000][6][gc,marking  ] GC(23) Concurrent Scan Root Regions 52.423ms
[2022-06-09T06:45:53.079+0000][6][gc,marking  ] GC(23) Concurrent Mark
[2022-06-09T06:45:53.079+0000][6][gc,marking  ] GC(23) Concurrent Mark From Roots
[2022-06-09T06:45:53.079+0000][6][gc,task     ] GC(23) Using 1 workers of 1 for marking
[2022-06-09T06:45:53.215+0000][6][safepoint   ] Safepoint "CollectForMetadataAllocation", Time since last: 190809327 ns, Reaching safepoint: 53616 ns, At safepoint: 67677 ns, Total: 121293 ns
[2022-06-09T06:45:53.331+0000][6][safepoint   ] Safepoint "CollectForMetadataAllocation", Time since last: 115843361 ns, Reaching safepoint: 36446 ns, At safepoint: 84490 ns, Total: 120936 ns
[2022-06-09T06:45:53.505+0000][6][gc,marking  ] GC(23) Concurrent Mark From Roots 425.754ms
[2022-06-09T06:45:53.505+0000][6][gc,marking  ] GC(23) Concurrent Preclean
[2022-06-09T06:45:53.505+0000][6][gc,marking  ] GC(23) Concurrent Preclean 0.228ms
[2022-06-09T06:45:53.512+0000][6][gc,start    ] GC(23) Pause Remark
[2022-06-09T06:45:53.537+0000][6][gc          ] GC(23) Pause Remark 67M->67M(256M) 25.043ms
[2022-06-09T06:45:53.537+0000][6][gc,cpu      ] GC(23) User=0.01s Sys=0.00s Real=0.03s
[2022-06-09T06:45:53.537+0000][6][safepoint   ] Safepoint "G1Concurrent", Time since last: 174518515 ns, Reaching safepoint: 6437773 ns, At safepoint: 25112588 ns, Total: 31550361 ns
[2022-06-09T06:45:53.538+0000][6][gc,marking  ] GC(23) Concurrent Mark 458.972ms
[2022-06-09T06:45:53.538+0000][6][gc,marking  ] GC(23) Concurrent Rebuild Remembered Sets
[2022-06-09T06:45:53.751+0000][6][gc,marking  ] GC(23) Concurrent Rebuild Remembered Sets 213.032ms
[2022-06-09T06:45:53.751+0000][6][gc,start    ] GC(23) Pause Cleanup
[2022-06-09T06:45:53.751+0000][6][gc          ] GC(23) Pause Cleanup 69M->69M(256M) 0.047ms
[2022-06-09T06:45:53.751+0000][6][gc,cpu      ] GC(23) User=0.00s Sys=0.00s Real=0.00s
[2022-06-09T06:45:53.751+0000][6][safepoint   ] Safepoint "G1Concurrent", Time since last: 214485970 ns, Reaching safepoint: 141192 ns, At safepoint: 81613 ns, Total: 222805 ns
[2022-06-09T06:45:53.752+0000][6][gc,marking  ] GC(23) Concurrent Cleanup for Next Mark
[2022-06-09T06:45:53.752+0000][6][gc,marking  ] GC(23) Concurrent Cleanup for Next Mark 0.716ms
[2022-06-09T06:45:53.753+0000][6][gc          ] GC(23) Concurrent Mark Cycle 726.004ms
[2022-06-09T06:45:54.755+0000][6][safepoint   ] Safepoint "Cleanup", Time since last: 1003097554 ns, Reaching safepoint: 285942 ns, At safepoint: 5868 ns, Total: 291810 ns
[2022-06-09T06:45:55.759+0000][6][safepoint   ] Safepoint "Cleanup", Time since last: 1003705422 ns, Reaching safepoint: 148393 ns, At safepoint: 5564 ns, Total: 153957 ns
[2022-06-09T06:45:56.759+0000][6][safepoint   ] Safepoint "Cleanup", Time since last: 1000116872 ns, Reaching safepoint: 158117 ns, At safepoint: 4420 ns, Total: 162537 ns
[2022-06-09T06:45:58.363+0000][6][safepoint   ] Safepoint "Cleanup", Time since last: 1603814806 ns, Reaching safepoint: 334611 ns, At safepoint: 6356 ns, Total: 340967 ns
[2022-06-09T06:45:59.371+0000][6][safepoint   ] Safepoint "Cleanup", Time since last: 1007264824 ns, Reaching safepoint: 175971 ns, At safepoint: 4565 ns, Total: 180536 ns
[2022-06-09T06:46:00.527+0000][6][gc,start    ] GC(24) Pause Young (Normal) (G1 Evacuation Pause)
[2022-06-09T06:46:00.527+0000][6][gc,task     ] GC(24) Using 1 workers of 1 for evacuation
[2022-06-09T06:46:00.527+0000][6][gc,age      ] GC(24) Desired survivor size 10485760 bytes, new threshold 4 (max threshold 15)
[2022-06-09T06:46:00.623+0000][6][gc,phases   ] GC(24)   Pre Evacuate Collection Set: 0.0ms
[2022-06-09T06:46:00.623+0000][6][gc,phases   ] GC(24)   Merge Heap Roots: 0.1ms
[2022-06-09T06:46:00.623+0000][6][gc,phases   ] GC(24)   Evacuate Collection Set: 91.2ms
[2022-06-09T06:46:00.623+0000][6][gc,phases   ] GC(24)   Post Evacuate Collection Set: 4.3ms
[2022-06-09T06:46:00.623+0000][6][gc,phases   ] GC(24)   Other: 0.1ms
[2022-06-09T06:46:00.623+0000][6][gc,age      ] GC(24) Age table with threshold 4 (max threshold 15)
[2022-06-09T06:46:00.623+0000][6][gc,age      ] GC(24) - age   1:    8523712 bytes,    8523712 total
[2022-06-09T06:46:00.623+0000][6][gc,age      ] GC(24) - age   2:    1166416 bytes,    9690128 total
[2022-06-09T06:46:00.623+0000][6][gc,age      ] GC(24) - age   3:    4039896 bytes,   13730024 total
[2022-06-09T06:46:00.623+0000][6][gc,age      ] GC(24) - age   4:     167840 bytes,   13897864 total
[2022-06-09T06:46:00.623+0000][6][gc,heap     ] GC(24) Eden regions: 33->0(30)
[2022-06-09T06:46:00.623+0000][6][gc,heap     ] GC(24) Survivor regions: 3->4(5)
[2022-06-09T06:46:00.623+0000][6][gc,heap     ] GC(24) Old regions: 12->13
[2022-06-09T06:46:00.623+0000][6][gc,heap     ] GC(24) Archive regions: 2->2
[2022-06-09T06:46:00.623+0000][6][gc,heap     ] GC(24) Humongous regions: 0->0
[2022-06-09T06:46:00.623+0000][6][gc,metaspace] GC(24) Metaspace: 80311K(82112K)->80311K(82112K) NonClass: 69532K(70528K)->69532K(70528K) Class: 10778K(11584K)->10778K(11584K)
[2022-06-09T06:46:00.623+0000][6][gc          ] GC(24) Pause Young (Normal) (G1 Evacuation Pause) 193M->69M(256M) 95.891ms
[2022-06-09T06:46:00.623+0000][6][gc,cpu      ] GC(24) User=0.05s Sys=0.00s Real=0.09s
[2022-06-09T06:46:00.623+0000][6][safepoint   ] Safepoint "G1CollectForAllocation", Time since last: 1156243612 ns, Reaching safepoint: 308478 ns, At safepoint: 95948837 ns, Total: 96257315 ns
[2022-06-09T06:46:01.633+0000][6][safepoint   ] Safepoint "Cleanup", Time since last: 1000121090 ns, Reaching safepoint: 10335804 ns, At safepoint: 7201 ns, Total: 10343005 ns
[2022-06-09T06:46:02.636+0000][6][safepoint   ] Safepoint "Cleanup", Time since last: 1001013167 ns, Reaching safepoint: 1579118 ns, At safepoint: 6237 ns, Total: 1585355 ns
[2022-06-09T06:46:03.650+0000][6][safepoint   ] Safepoint "Cleanup", Time since last: 1002436300 ns, Reaching safepoint: 11364534 ns, At safepoint: 11251 ns, Total: 11375785 ns
[2022-06-09T06:46:04.656+0000][6][safepoint   ] Safepoint "Cleanup", Time since last: 1005403058 ns, Reaching safepoint: 316263 ns, At safepoint: 5459 ns, Total: 321722 ns
[2022-06-09T06:46:05.371+0000][6][safepoint   ] Safepoint "ICBufferFull", Time since last: 714886671 ns, Reaching safepoint: 255753 ns, At safepoint: 5382 ns, Total: 261135 ns
[2022-06-09T06:46:06.559+0000][6][safepoint   ] Safepoint "Cleanup", Time since last: 1187941401 ns, Reaching safepoint: 734953 ns, At safepoint: 7850 ns, Total: 742803 ns
[2022-06-09T06:46:07.055+0000][6][gc,start    ] GC(25) Pause Young (Normal) (G1 Evacuation Pause)
[2022-06-09T06:46:07.055+0000][6][gc,task     ] GC(25) Using 1 workers of 1 for evacuation
[2022-06-09T06:46:07.055+0000][6][gc,age      ] GC(25) Desired survivor size 10485760 bytes, new threshold 3 (max threshold 15)
[2022-06-09T06:46:07.244+0000][6][gc,phases   ] GC(25)   Pre Evacuate Collection Set: 0.1ms
[2022-06-09T06:46:07.244+0000][6][gc,phases   ] GC(25)   Merge Heap Roots: 0.2ms
[2022-06-09T06:46:07.244+0000][6][gc,phases   ] GC(25)   Evacuate Collection Set: 174.3ms
[2022-06-09T06:46:07.244+0000][6][gc,phases   ] GC(25)   Post Evacuate Collection Set: 15.0ms
[2022-06-09T06:46:07.244+0000][6][gc,phases   ] GC(25)   Other: 0.1ms
[2022-06-09T06:46:07.244+0000][6][gc,age      ] GC(25) Age table with threshold 3 (max threshold 15)
[2022-06-09T06:46:07.244+0000][6][gc,age      ] GC(25) - age   1:    6450840 bytes,    6450840 total
[2022-06-09T06:46:07.244+0000][6][gc,age      ] GC(25) - age   2:    7839368 bytes,   14290208 total
[2022-06-09T06:46:07.244+0000][6][gc,age      ] GC(25) - age   3:    1164840 bytes,   15455048 total
[2022-06-09T06:46:07.244+0000][6][gc,heap     ] GC(25) Eden regions: 30->0(29)
[2022-06-09T06:46:07.244+0000][6][gc,heap     ] GC(25) Survivor regions: 4->4(5)
[2022-06-09T06:46:07.244+0000][6][gc,heap     ] GC(25) Old regions: 13->14
[2022-06-09T06:46:07.244+0000][6][gc,heap     ] GC(25) Archive regions: 2->2
[2022-06-09T06:46:07.244+0000][6][gc,heap     ] GC(25) Humongous regions: 0->0
[2022-06-09T06:46:07.244+0000][6][gc,metaspace] GC(25) Metaspace: 94922K(97600K)->94922K(97600K) NonClass: 81878K(83264K)->81878K(83264K) Class: 13044K(14336K)->13044K(14336K)
[2022-06-09T06:46:07.244+0000][6][gc          ] GC(25) Pause Young (Normal) (G1 Evacuation Pause) 189M->75M(256M) 189.840ms
[2022-06-09T06:46:07.244+0000][6][gc,cpu      ] GC(25) User=0.09s Sys=0.00s Real=0.18s
[2022-06-09T06:46:07.244+0000][6][safepoint   ] Safepoint "G1CollectForAllocation", Time since last: 495045625 ns, Reaching safepoint: 62239 ns, At safepoint: 189902388 ns, Total: 189964627 ns
[2022-06-09T06:46:08.693+0000][6][safepoint   ] Safepoint "Cleanup", Time since last: 1447670764 ns, Reaching safepoint: 504667 ns, At safepoint: 6223 ns, Total: 510890 ns
[2022-06-09T06:46:09.765+0000][6][gc,start    ] GC(26) Pause Young (Concurrent Start) (Metadata GC Threshold)
[2022-06-09T06:46:09.765+0000][6][gc,task     ] GC(26) Using 1 workers of 1 for evacuation
[2022-06-09T06:46:09.765+0000][6][gc,age      ] GC(26) Desired survivor size 10485760 bytes, new threshold 2 (max threshold 15)
[2022-06-09T06:46:09.856+0000][6][gc,phases   ] GC(26)   Pre Evacuate Collection Set: 0.2ms
[2022-06-09T06:46:09.856+0000][6][gc,phases   ] GC(26)   Merge Heap Roots: 0.1ms
[2022-06-09T06:46:09.856+0000][6][gc,phases   ] GC(26)   Evacuate Collection Set: 88.1ms
[2022-06-09T06:46:09.856+0000][6][gc,phases   ] GC(26)   Post Evacuate Collection Set: 2.6ms
[2022-06-09T06:46:09.856+0000][6][gc,phases   ] GC(26)   Other: 0.1ms
[2022-06-09T06:46:09.856+0000][6][gc,age      ] GC(26) Age table with threshold 2 (max threshold 15)
[2022-06-09T06:46:09.856+0000][6][gc,age      ] GC(26) - age   1:    3694328 bytes,    3694328 total
[2022-06-09T06:46:09.856+0000][6][gc,age      ] GC(26) - age   2:    6016592 bytes,    9710920 total
[2022-06-09T06:46:09.856+0000][6][gc,heap     ] GC(26) Eden regions: 11->0(26)
[2022-06-09T06:46:09.856+0000][6][gc,heap     ] GC(26) Survivor regions: 4->3(5)
[2022-06-09T06:46:09.856+0000][6][gc,heap     ] GC(26) Old regions: 14->17
[2022-06-09T06:46:09.856+0000][6][gc,heap     ] GC(26) Archive regions: 2->2
[2022-06-09T06:46:09.856+0000][6][gc,heap     ] GC(26) Humongous regions: 2->2
[2022-06-09T06:46:09.856+0000][6][gc,metaspace] GC(26) Metaspace: 100748K(103488K)->100748K(103488K) NonClass: 86843K(88256K)->86843K(88256K) Class: 13904K(15232K)->13904K(15232K)
[2022-06-09T06:46:09.856+0000][6][gc          ] GC(26) Pause Young (Concurrent Start) (Metadata GC Threshold) 126M->86M(256M) 91.350ms
[2022-06-09T06:46:09.856+0000][6][gc,cpu      ] GC(26) User=0.05s Sys=0.00s Real=0.10s
[2022-06-09T06:46:09.856+0000][6][safepoint   ] Safepoint "CollectForMetadataAllocation", Time since last: 1070886264 ns, Reaching safepoint: 1207407 ns, At safepoint: 91487209 ns, Total: 92694616 ns
[2022-06-09T06:46:09.856+0000][6][gc          ] GC(27) Concurrent Mark Cycle
[2022-06-09T06:46:09.856+0000][6][gc,marking  ] GC(27) Concurrent Clear Claimed Marks
[2022-06-09T06:46:09.857+0000][6][gc,marking  ] GC(27) Concurrent Clear Claimed Marks 0.184ms
[2022-06-09T06:46:09.857+0000][6][gc,marking  ] GC(27) Concurrent Scan Root Regions
[2022-06-09T06:46:10.159+0000][6][safepoint   ] Safepoint "CollectForMetadataAllocation", Time since last: 293541422 ns, Reaching safepoint: 8786552 ns, At safepoint: 73522 ns, Total: 8860074 ns
[2022-06-09T06:46:10.205+0000][6][gc,marking  ] GC(27) Concurrent Scan Root Regions 348.239ms
[2022-06-09T06:46:10.205+0000][6][gc,marking  ] GC(27) Concurrent Mark
[2022-06-09T06:46:10.205+0000][6][gc,marking  ] GC(27) Concurrent Mark From Roots
[2022-06-09T06:46:10.205+0000][6][gc,task     ] GC(27) Using 1 workers of 1 for marking
[2022-06-09T06:46:10.367+0000][6][safepoint   ] Safepoint "CollectForMetadataAllocation", Time since last: 204193598 ns, Reaching safepoint: 3723139 ns, At safepoint: 61256 ns, Total: 3784395 ns
[2022-06-09T06:46:10.393+0000][6][safepoint   ] Safepoint "CollectForMetadataAllocation", Time since last: 10750921 ns, Reaching safepoint: 15943183 ns, At safepoint: 9543 ns, Total: 15952726 ns
[2022-06-09T06:46:10.396+0000][6][safepoint   ] Safepoint "CollectForMetadataAllocation", Time since last: 198619 ns, Reaching safepoint: 2659581 ns, At safepoint: 8760 ns, Total: 2668341 ns
[2022-06-09T06:46:10.403+0000][6][safepoint   ] Safepoint "CollectForMetadataAllocation", Time since last: 6330597 ns, Reaching safepoint: 133772 ns, At safepoint: 9011 ns, Total: 142783 ns
[2022-06-09T06:46:10.406+0000][6][safepoint   ] Safepoint "CollectForMetadataAllocation", Time since last: 2797117 ns, Reaching safepoint: 139161 ns, At safepoint: 9745 ns, Total: 148906 ns
[2022-06-09T06:46:10.607+0000][6][safepoint   ] Safepoint "CollectForMetadataAllocation", Time since last: 192919637 ns, Reaching safepoint: 8047490 ns, At safepoint: 93250 ns, Total: 8140740 ns
[2022-06-09T06:46:10.803+0000][6][safepoint   ] Safepoint "CollectForMetadataAllocation", Time since last: 194962288 ns, Reaching safepoint: 910988 ns, At safepoint: 70752 ns, Total: 981740 ns
[2022-06-09T06:46:10.930+0000][6][safepoint   ] Safepoint "CollectForMetadataAllocation", Time since last: 113747692 ns, Reaching safepoint: 13408103 ns, At safepoint: 58834 ns, Total: 13466937 ns
[2022-06-09T06:46:10.934+0000][6][safepoint   ] Safepoint "CollectForMetadataAllocation", Time since last: 4288169 ns, Reaching safepoint: 151165 ns, At safepoint: 8574 ns, Total: 159739 ns
[2022-06-09T06:46:10.981+0000][6][safepoint   ] Safepoint "CollectForMetadataAllocation", Time since last: 46137112 ns, Reaching safepoint: 315312 ns, At safepoint: 59031 ns, Total: 374343 ns
[2022-06-09T06:46:10.983+0000][6][safepoint   ] Safepoint "CollectForMetadataAllocation", Time since last: 1728713 ns, Reaching safepoint: 147312 ns, At safepoint: 11346 ns, Total: 158658 ns
[2022-06-09T06:46:11.011+0000][6][safepoint   ] Safepoint "CollectForMetadataAllocation", Time since last: 27479150 ns, Reaching safepoint: 300556 ns, At safepoint: 63110 ns, Total: 363666 ns
[2022-06-09T06:46:11.045+0000][6][safepoint   ] Safepoint "CollectForMetadataAllocation", Time since last: 30369017 ns, Reaching safepoint: 3651067 ns, At safepoint: 70171 ns, Total: 3721238 ns
[2022-06-09T06:46:11.046+0000][6][safepoint   ] Safepoint "CollectForMetadataAllocation", Time since last: 810864 ns, Reaching safepoint: 266188 ns, At safepoint: 11834 ns, Total: 278022 ns
[2022-06-09T06:46:11.053+0000][6][gc,marking  ] GC(27) Concurrent Mark From Roots 847.870ms
[2022-06-09T06:46:11.053+0000][6][gc,marking  ] GC(27) Concurrent Preclean
[2022-06-09T06:46:11.053+0000][6][gc,marking  ] GC(27) Concurrent Preclean 0.262ms
[2022-06-09T06:46:11.053+0000][6][gc,start    ] GC(27) Pause Remark
[2022-06-09T06:46:11.064+0000][6][gc          ] GC(27) Pause Remark 117M->117M(256M) 10.487ms
[2022-06-09T06:46:11.064+0000][6][gc,cpu      ] GC(27) User=0.01s Sys=0.00s Real=0.01s
[2022-06-09T06:46:11.064+0000][6][safepoint   ] Safepoint "G1Concurrent", Time since last: 7372838 ns, Reaching safepoint: 162478 ns, At safepoint: 10586039 ns, Total: 10748517 ns
[2022-06-09T06:46:11.075+0000][6][gc,marking  ] GC(27) Concurrent Mark 869.675ms
[2022-06-09T06:46:11.075+0000][6][gc,marking  ] GC(27) Concurrent Rebuild Remembered Sets
[2022-06-09T06:46:11.670+0000][6][gc,marking  ] GC(27) Concurrent Rebuild Remembered Sets 595.620ms
[2022-06-09T06:46:11.677+0000][6][gc,start    ] GC(27) Pause Cleanup
[2022-06-09T06:46:11.677+0000][6][gc          ] GC(27) Pause Cleanup 131M->131M(256M) 0.057ms
[2022-06-09T06:46:11.677+0000][6][gc,cpu      ] GC(27) User=0.00s Sys=0.00s Real=0.00s
[2022-06-09T06:46:11.677+0000][6][safepoint   ] Safepoint "G1Concurrent", Time since last: 606420946 ns, Reaching safepoint: 6459865 ns, At safepoint: 100849 ns, Total: 6560714 ns
[2022-06-09T06:46:11.677+0000][6][gc,marking  ] GC(27) Concurrent Cleanup for Next Mark
[2022-06-09T06:46:11.688+0000][6][gc,marking  ] GC(27) Concurrent Cleanup for Next Mark 11.214ms
[2022-06-09T06:46:11.688+0000][6][gc          ] GC(27) Concurrent Mark Cycle 1831.717ms
[2022-06-09T06:46:13.186+0000][6][gc,start    ] GC(28) Pause Young (Prepare Mixed) (G1 Evacuation Pause)
[2022-06-09T06:46:13.186+0000][6][gc,task     ] GC(28) Using 1 workers of 1 for evacuation
[2022-06-09T06:46:13.186+0000][6][gc,age      ] GC(28) Desired survivor size 8388608 bytes, new threshold 2 (max threshold 15)
[2022-06-09T06:46:13.311+0000][6][gc,phases   ] GC(28)   Pre Evacuate Collection Set: 0.0ms
[2022-06-09T06:46:13.311+0000][6][gc,phases   ] GC(28)   Merge Heap Roots: 0.2ms
[2022-06-09T06:46:13.311+0000][6][gc,phases   ] GC(28)   Evacuate Collection Set: 120.4ms
[2022-06-09T06:46:13.311+0000][6][gc,phases   ] GC(28)   Post Evacuate Collection Set: 4.7ms
[2022-06-09T06:46:13.311+0000][6][gc,phases   ] GC(28)   Other: 0.1ms
[2022-06-09T06:46:13.311+0000][6][gc,age      ] GC(28) Age table with threshold 2 (max threshold 15)
[2022-06-09T06:46:13.311+0000][6][gc,age      ] GC(28) - age   1:    3464672 bytes,    3464672 total
[2022-06-09T06:46:13.311+0000][6][gc,age      ] GC(28) - age   2:    3463352 bytes,    6928024 total
[2022-06-09T06:46:13.311+0000][6][gc,heap     ] GC(28) Eden regions: 26->0(1)
[2022-06-09T06:46:13.311+0000][6][gc,heap     ] GC(28) Survivor regions: 3->2(4)
[2022-06-09T06:46:13.311+0000][6][gc,heap     ] GC(28) Old regions: 17->18
[2022-06-09T06:46:13.311+0000][6][gc,heap     ] GC(28) Archive regions: 2->2
[2022-06-09T06:46:13.311+0000][6][gc,heap     ] GC(28) Humongous regions: 2->2
[2022-06-09T06:46:13.311+0000][6][gc,metaspace] GC(28) Metaspace: 105912K(108608K)->105912K(108608K) NonClass: 91278K(92672K)->91278K(92672K) Class: 14633K(15936K)->14633K(15936K)
[2022-06-09T06:46:13.311+0000][6][gc          ] GC(28) Pause Young (Prepare Mixed) (G1 Evacuation Pause) 190M->90M(256M) 125.561ms
[2022-06-09T06:46:13.311+0000][6][gc,cpu      ] GC(28) User=0.06s Sys=0.00s Real=0.13s
[2022-06-09T06:46:13.311+0000][6][safepoint   ] Safepoint "G1CollectForAllocation", Time since last: 1499981003 ns, Reaching safepoint: 8995157 ns, At safepoint: 125637008 ns, Total: 134632165 ns
[2022-06-09T06:46:13.383+0000][6][gc,start    ] GC(29) Pause Young (Mixed) (G1 Evacuation Pause)
[2022-06-09T06:46:13.383+0000][6][gc,task     ] GC(29) Using 1 workers of 1 for evacuation
[2022-06-09T06:46:13.383+0000][6][gc,age      ] GC(29) Desired survivor size 2097152 bytes, new threshold 1 (max threshold 15)
[2022-06-09T06:46:13.473+0000][6][gc,phases   ] GC(29)   Pre Evacuate Collection Set: 0.0ms
[2022-06-09T06:46:13.473+0000][6][gc,phases   ] GC(29)   Merge Heap Roots: 0.1ms
[2022-06-09T06:46:13.473+0000][6][gc,phases   ] GC(29)   Evacuate Collection Set: 88.2ms
[2022-06-09T06:46:13.473+0000][6][gc,phases   ] GC(29)   Post Evacuate Collection Set: 1.5ms
[2022-06-09T06:46:13.473+0000][6][gc,phases   ] GC(29)   Other: 0.1ms
[2022-06-09T06:46:13.473+0000][6][gc,age      ] GC(29) Age table with threshold 1 (max threshold 15)
[2022-06-09T06:46:13.473+0000][6][gc,age      ] GC(29) - age   1:     125912 bytes,     125912 total
[2022-06-09T06:46:13.473+0000][6][gc,heap     ] GC(29) Eden regions: 1->0(26)
[2022-06-09T06:46:13.473+0000][6][gc,heap     ] GC(29) Survivor regions: 2->1(1)
[2022-06-09T06:46:13.473+0000][6][gc,heap     ] GC(29) Old regions: 18->19
[2022-06-09T06:46:13.473+0000][6][gc,heap     ] GC(29) Archive regions: 2->2
[2022-06-09T06:46:13.473+0000][6][gc,heap     ] GC(29) Humongous regions: 2->2
[2022-06-09T06:46:13.473+0000][6][gc,metaspace] GC(29) Metaspace: 105921K(108608K)->105921K(108608K) NonClass: 91287K(92672K)->91287K(92672K) Class: 14633K(15936K)->14633K(15936K)
[2022-06-09T06:46:13.473+0000][6][gc          ] GC(29) Pause Young (Mixed) (G1 Evacuation Pause) 94M->89M(256M) 90.199ms
[2022-06-09T06:46:13.473+0000][6][gc,cpu      ] GC(29) User=0.05s Sys=0.00s Real=0.09s
[2022-06-09T06:46:13.473+0000][6][safepoint   ] Safepoint "G1CollectForAllocation", Time since last: 71096010 ns, Reaching safepoint: 145819 ns, At safepoint: 90262476 ns, Total: 90408295 ns
[2022-06-09T06:46:14.539+0000][6][safepoint   ] Safepoint "Cleanup", Time since last: 1065606135 ns, Reaching safepoint: 72002 ns, At safepoint: 4707 ns, Total: 76709 ns
[2022-06-09T06:46:15.541+0000][6][safepoint   ] Safepoint "Cleanup", Time since last: 1002516974 ns, Reaching safepoint: 198997 ns, At safepoint: 6707 ns, Total: 205704 ns
[2022-06-09T06:46:16.531+0000][6][gc,start    ] GC(30) Pause Young (Concurrent Start) (G1 Evacuation Pause)
[2022-06-09T06:46:16.531+0000][6][gc,task     ] GC(30) Using 1 workers of 1 for evacuation
[2022-06-09T06:46:16.531+0000][6][gc,age      ] GC(30) Desired survivor size 8388608 bytes, new threshold 15 (max threshold 15)
[2022-06-09T06:46:16.546+0000][6][gc,phases   ] GC(30)   Pre Evacuate Collection Set: 0.2ms
[2022-06-09T06:46:16.546+0000][6][gc,phases   ] GC(30)   Merge Heap Roots: 0.1ms
[2022-06-09T06:46:16.546+0000][6][gc,phases   ] GC(30)   Evacuate Collection Set: 14.0ms
[2022-06-09T06:46:16.546+0000][6][gc,phases   ] GC(30)   Post Evacuate Collection Set: 1.1ms
[2022-06-09T06:46:16.546+0000][6][gc,phases   ] GC(30)   Other: 0.1ms
[2022-06-09T06:46:16.546+0000][6][gc,age      ] GC(30) Age table with threshold 15 (max threshold 15)
[2022-06-09T06:46:16.546+0000][6][gc,age      ] GC(30) - age   1:    3724944 bytes,    3724944 total
[2022-06-09T06:46:16.546+0000][6][gc,age      ] GC(30) - age   2:       3576 bytes,    3728520 total
[2022-06-09T06:46:16.546+0000][6][gc,heap     ] GC(30) Eden regions: 26->0(26)
[2022-06-09T06:46:16.546+0000][6][gc,heap     ] GC(30) Survivor regions: 1->1(4)
[2022-06-09T06:46:16.546+0000][6][gc,heap     ] GC(30) Old regions: 19->19
[2022-06-09T06:46:16.546+0000][6][gc,heap     ] GC(30) Archive regions: 2->2
[2022-06-09T06:46:16.546+0000][6][gc,heap     ] GC(30) Humongous regions: 2->2
[2022-06-09T06:46:16.546+0000][6][gc,metaspace] GC(30) Metaspace: 107199K(109888K)->107199K(109888K) NonClass: 92421K(93824K)->92421K(93824K) Class: 14778K(16064K)->14778K(16064K)
[2022-06-09T06:46:16.547+0000][6][gc          ] GC(30) Pause Young (Concurrent Start) (G1 Evacuation Pause) 193M->91M(256M) 15.672ms
[2022-06-09T06:46:16.547+0000][6][gc,cpu      ] GC(30) User=0.01s Sys=0.00s Real=0.02s
[2022-06-09T06:46:16.547+0000][6][safepoint   ] Safepoint "G1CollectForAllocation", Time since last: 989258264 ns, Reaching safepoint: 202314 ns, At safepoint: 15789904 ns, Total: 15992218 ns
[2022-06-09T06:46:16.547+0000][6][gc          ] GC(31) Concurrent Mark Cycle
[2022-06-09T06:46:16.547+0000][6][gc,marking  ] GC(31) Concurrent Clear Claimed Marks
[2022-06-09T06:46:16.547+0000][6][gc,marking  ] GC(31) Concurrent Clear Claimed Marks 0.191ms
[2022-06-09T06:46:16.547+0000][6][gc,marking  ] GC(31) Concurrent Scan Root Regions
[2022-06-09T06:46:16.564+0000][6][gc,marking  ] GC(31) Concurrent Scan Root Regions 17.223ms
[2022-06-09T06:46:16.564+0000][6][gc,marking  ] GC(31) Concurrent Mark
[2022-06-09T06:46:16.564+0000][6][gc,marking  ] GC(31) Concurrent Mark From Roots
[2022-06-09T06:46:16.564+0000][6][gc,task     ] GC(31) Using 1 workers of 1 for marking
[2022-06-09T06:46:17.547+0000][6][safepoint   ] Safepoint "Cleanup", Time since last: 1000579325 ns, Reaching safepoint: 111502 ns, At safepoint: 24713 ns, Total: 136215 ns
[2022-06-09T06:46:17.979+0000][6][gc,marking  ] GC(31) Concurrent Mark From Roots 1406.996ms
[2022-06-09T06:46:17.979+0000][6][gc,marking  ] GC(31) Concurrent Preclean
[2022-06-09T06:46:17.981+0000][6][gc,marking  ] GC(31) Concurrent Preclean 2.353ms
[2022-06-09T06:46:17.982+0000][6][gc,start    ] GC(31) Pause Remark
[2022-06-09T06:46:18.008+0000][6][gc          ] GC(31) Pause Remark 124M->124M(256M) 26.246ms
[2022-06-09T06:46:18.008+0000][6][gc,cpu      ] GC(31) User=0.01s Sys=0.00s Real=0.03s
[2022-06-09T06:46:18.008+0000][6][safepoint   ] Safepoint "G1Concurrent", Time since last: 433683329 ns, Reaching safepoint: 968056 ns, At safepoint: 26341547 ns, Total: 27309603 ns
[2022-06-09T06:46:18.020+0000][6][gc,marking  ] GC(31) Concurrent Mark 1455.768ms
[2022-06-09T06:46:18.020+0000][6][gc,marking  ] GC(31) Concurrent Rebuild Remembered Sets
[2022-06-09T06:46:18.467+0000][6][gc,marking  ] GC(31) Concurrent Rebuild Remembered Sets 446.627ms
[2022-06-09T06:46:18.467+0000][6][gc,start    ] GC(31) Pause Cleanup
[2022-06-09T06:46:18.467+0000][6][gc          ] GC(31) Pause Cleanup 129M->129M(256M) 0.048ms
[2022-06-09T06:46:18.467+0000][6][gc,cpu      ] GC(31) User=0.00s Sys=0.00s Real=0.00s
[2022-06-09T06:46:18.467+0000][6][safepoint   ] Safepoint "G1Concurrent", Time since last: 458286690 ns, Reaching safepoint: 163857 ns, At safepoint: 100663 ns, Total: 264520 ns
[2022-06-09T06:46:18.467+0000][6][gc,marking  ] GC(31) Concurrent Cleanup for Next Mark
[2022-06-09T06:46:18.491+0000][6][gc,marking  ] GC(31) Concurrent Cleanup for Next Mark 24.322ms
[2022-06-09T06:46:18.491+0000][6][gc          ] GC(31) Concurrent Mark Cycle 1944.654ms
[2022-06-09T06:46:19.467+0000][6][safepoint   ] Safepoint "Cleanup", Time since last: 1000095224 ns, Reaching safepoint: 83501 ns, At safepoint: 4495 ns, Total: 87996 ns
[2022-06-09T06:46:20.467+0000][6][safepoint   ] Safepoint "Cleanup", Time since last: 1000153846 ns, Reaching safepoint: 45362 ns, At safepoint: 4992 ns, Total: 50354 ns
[2022-06-09T06:46:21.467+0000][6][safepoint   ] Safepoint "Cleanup", Time since last: 1000166520 ns, Reaching safepoint: 41360 ns, At safepoint: 5052 ns, Total: 46412 ns
[2022-06-09T06:46:23.468+0000][6][safepoint   ] Safepoint "Cleanup", Time since last: 2000275766 ns, Reaching safepoint: 41396 ns, At safepoint: 4679 ns, Total: 46075 ns
[2022-06-09T06:46:24.468+0000][6][safepoint   ] Safepoint "Cleanup", Time since last: 1000122484 ns, Reaching safepoint: 39177 ns, At safepoint: 5110 ns, Total: 44287 ns
[2022-06-09T06:46:26.468+0000][6][safepoint   ] Safepoint "Cleanup", Time since last: 2000240603 ns, Reaching safepoint: 42089 ns, At safepoint: 4443 ns, Total: 46532 ns
[2022-06-09T06:46:30.469+0000][6][safepoint   ] Safepoint "Cleanup", Time since last: 4000497370 ns, Reaching safepoint: 38788 ns, At safepoint: 4950 ns, Total: 43738 ns
[2022-06-09T06:46:31.469+0000][6][safepoint   ] Safepoint "Cleanup", Time since last: 1000148257 ns, Reaching safepoint: 48622 ns, At safepoint: 4560 ns, Total: 53182 ns
[2022-06-09T06:46:32.469+0000][6][safepoint   ] Safepoint "Cleanup", Time since last: 1000148585 ns, Reaching safepoint: 39717 ns, At safepoint: 4500 ns, Total: 44217 ns
[2022-06-09T06:46:33.469+0000][6][safepoint   ] Safepoint "Cleanup", Time since last: 1000152091 ns, Reaching safepoint: 44214 ns, At safepoint: 4644 ns, Total: 48858 ns
[2022-06-09T06:46:34.470+0000][6][safepoint   ] Safepoint "Cleanup", Time since last: 1000147224 ns, Reaching safepoint: 39629 ns, At safepoint: 4880 ns, Total: 44509 ns
[2022-06-09T06:46:35.470+0000][6][safepoint   ] Safepoint "Cleanup", Time since last: 1000149934 ns, Reaching safepoint: 41147 ns, At safepoint: 5223 ns, Total: 46370 ns
[2022-06-09T06:46:36.470+0000][6][safepoint   ] Safepoint "Cleanup", Time since last: 1000143507 ns, Reaching safepoint: 41712 ns, At safepoint: 4738 ns, Total: 46450 ns
[2022-06-09T06:46:37.470+0000][6][safepoint   ] Safepoint "Cleanup", Time since last: 1000168427 ns, Reaching safepoint: 48203 ns, At safepoint: 4759 ns, Total: 52962 ns
[2022-06-09T06:46:38.470+0000][6][safepoint   ] Safepoint "Cleanup", Time since last: 1000167706 ns, Reaching safepoint: 41927 ns, At safepoint: 4914 ns, Total: 46841 ns
[2022-06-09T06:46:39.471+0000][6][safepoint   ] Safepoint "Cleanup", Time since last: 1000139506 ns, Reaching safepoint: 47907 ns, At safepoint: 4248 ns, Total: 52155 ns
[2022-06-09T06:46:42.471+0000][6][safepoint   ] Safepoint "Cleanup", Time since last: 3000345100 ns, Reaching safepoint: 40527 ns, At safepoint: 5149 ns, Total: 45676 ns
[2022-06-09T06:46:43.471+0000][6][safepoint   ] Safepoint "Cleanup", Time since last: 1000147528 ns, Reaching safepoint: 42319 ns, At safepoint: 4908 ns, Total: 47227 ns
[2022-06-09T06:46:44.471+0000][6][safepoint   ] Safepoint "Cleanup", Time since last: 1000147523 ns, Reaching safepoint: 44214 ns, At safepoint: 4530 ns, Total: 48744 ns
[2022-06-09T06:46:46.472+0000][6][safepoint   ] Safepoint "Cleanup", Time since last: 2000255587 ns, Reaching safepoint: 49446 ns, At safepoint: 4691 ns, Total: 54137 ns
[2022-06-09T06:46:49.472+0000][6][safepoint   ] Safepoint "Cleanup", Time since last: 3000406913 ns, Reaching safepoint: 41212 ns, At safepoint: 4589 ns, Total: 45801 ns
[2022-06-09T06:46:50.472+0000][6][safepoint   ] Safepoint "Cleanup", Time since last: 1000178442 ns, Reaching safepoint: 40384 ns, At safepoint: 5079 ns, Total: 45463 ns
[2022-06-09T06:46:51.473+0000][6][safepoint   ] Safepoint "Cleanup", Time since last: 1000151995 ns, Reaching safepoint: 45722 ns, At safepoint: 4403 ns, Total: 50125 ns
[2022-06-09T06:46:52.473+0000][6][safepoint   ] Safepoint "Cleanup", Time since last: 1000135094 ns, Reaching safepoint: 54804 ns, At safepoint: 4408 ns, Total: 59212 ns
[2022-06-09T06:46:53.473+0000][6][safepoint   ] Safepoint "Cleanup", Time since last: 1000145940 ns, Reaching safepoint: 36085 ns, At safepoint: 4337 ns, Total: 40422 ns
[2022-06-09T06:46:54.473+0000][6][safepoint   ] Safepoint "Cleanup", Time since last: 1000127020 ns, Reaching safepoint: 41716 ns, At safepoint: 7669 ns, Total: 49385 ns
[2022-06-09T06:46:55.473+0000][6][safepoint   ] Safepoint "Cleanup", Time since last: 1000146898 ns, Reaching safepoint: 39799 ns, At safepoint: 4480 ns, Total: 44279 ns
[2022-06-09T06:46:56.473+0000][6][safepoint   ] Safepoint "Cleanup", Time since last: 1000116797 ns, Reaching safepoint: 43540 ns, At safepoint: 5087 ns, Total: 48627 ns
[2022-06-09T06:46:57.474+0000][6][safepoint   ] Safepoint "Cleanup", Time since last: 1000131670 ns, Reaching safepoint: 39372 ns, At safepoint: 4747 ns, Total: 44119 ns
[2022-06-09T06:46:58.474+0000][6][safepoint   ] Safepoint "Cleanup", Time since last: 1000143306 ns, Reaching safepoint: 39213 ns, At safepoint: 5432 ns, Total: 44645 ns
[2022-06-09T06:47:01.474+0000][6][safepoint   ] Safepoint "Cleanup", Time since last: 3000389296 ns, Reaching safepoint: 41649 ns, At safepoint: 10654 ns, Total: 52303 ns
[2022-06-09T06:47:04.475+0000][6][safepoint   ] Safepoint "Cleanup", Time since last: 3000389487 ns, Reaching safepoint: 41861 ns, At safepoint: 4698 ns, Total: 46559 ns
[2022-06-09T06:47:05.475+0000][6][safepoint   ] Safepoint "Cleanup", Time since last: 1000141716 ns, Reaching safepoint: 45712 ns, At safepoint: 4587 ns, Total: 50299 ns
[2022-06-09T06:47:06.475+0000][6][safepoint   ] Safepoint "Cleanup", Time since last: 1000139474 ns, Reaching safepoint: 41721 ns, At safepoint: 5040 ns, Total: 46761 ns
[2022-06-09T06:47:07.475+0000][6][safepoint   ] Safepoint "Cleanup", Time since last: 1000129668 ns, Reaching safepoint: 42069 ns, At safepoint: 5052 ns, Total: 47121 ns
[2022-06-09T06:47:08.479+0000][6][safepoint   ] Safepoint "Cleanup", Time since last: 1003300611 ns, Reaching safepoint: 85341 ns, At safepoint: 4872 ns, Total: 90213 ns
[2022-06-09T06:47:09.143+0000][6][gc,heap,exit] Heap
[2022-06-09T06:47:09.143+0000][6][gc,heap,exit]  garbage-first heap   total 262144K, used 174552K [0x00000000f0000000, 0x0000000100000000)
[2022-06-09T06:47:09.143+0000][6][gc,heap,exit]   region size 4096K, 21 young (86016K), 1 survivors (4096K)
[2022-06-09T06:47:09.143+0000][6][gc,heap,exit]  Metaspace       used 108049K, committed 110720K, reserved 1179648K
[2022-06-09T06:47:09.143+0000][6][gc,heap,exit]   class space    used 14867K, committed 16128K, reserved 1048576K
